<?xml version="1.0" encoding="UTF-8"?>
<robot generator="Robot 4.0.3 (Python 3.9.5 on win32)" generated="20210616 13:49:58.431" rpa="false" schemaversion="2">
<suite id="s1" name="Testes" source="C:\Projetos\Suite Teste prático BDD\Testes">
<suite id="s1-s1" name="PraticaTesteBDD" source="C:\Projetos\Suite Teste prático BDD\Testes\PraticaTesteBDD.robot">
<kw name="Abrir navegador" library="Resources" type="SETUP">
<msg timestamp="20210616 13:49:59.529" level="TRACE">Arguments: [  ]</msg>
<kw name="Open Browser" library="SeleniumLibrary">
<arg>${URL}</arg>
<arg>${BROWSER}</arg>
<doc>Opens a new browser instance to the optional ``url``.</doc>
<msg timestamp="20210616 13:49:59.529" level="TRACE">Arguments: [ 'http://automationpractice.com/index.php' | 'gc' ]</msg>
<msg timestamp="20210616 13:49:59.529" level="INFO">Opening browser 'gc' to base url 'http://automationpractice.com/index.php'.</msg>
<msg timestamp="20210616 13:50:00.074" level="DEBUG">POST http://127.0.0.1:60578/session {"capabilities": {"firstMatch": [{}], "alwaysMatch": {"browserName": "chrome", "platformName": "any", "goog:chromeOptions": {"extensions": [], "args": []}}}, "desiredCapabilities": {"browserName": "chrome", "version": "", "platform": "ANY", "goog:chromeOptions": {"extensions": [], "args": []}}}</msg>
<msg timestamp="20210616 13:50:00.075" level="DEBUG">Starting new HTTP connection (1): 127.0.0.1:60578</msg>
<msg timestamp="20210616 13:50:00.808" level="DEBUG">http://127.0.0.1:60578 "POST /session HTTP/1.1" 200 754</msg>
<msg timestamp="20210616 13:50:00.809" level="DEBUG">Finished Request</msg>
<msg timestamp="20210616 13:50:00.809" level="DEBUG">POST http://127.0.0.1:60578/session/ac03ff37ad5a3ebca3a4710dcd80cf54/timeouts {"script": 5000}</msg>
<msg timestamp="20210616 13:50:00.810" level="DEBUG">http://127.0.0.1:60578 "POST /session/ac03ff37ad5a3ebca3a4710dcd80cf54/timeouts HTTP/1.1" 200 14</msg>
<msg timestamp="20210616 13:50:00.810" level="DEBUG">Finished Request</msg>
<msg timestamp="20210616 13:50:00.810" level="DEBUG">POST http://127.0.0.1:60578/session/ac03ff37ad5a3ebca3a4710dcd80cf54/timeouts {"implicit": 0}</msg>
<msg timestamp="20210616 13:50:00.811" level="DEBUG">http://127.0.0.1:60578 "POST /session/ac03ff37ad5a3ebca3a4710dcd80cf54/timeouts HTTP/1.1" 200 14</msg>
<msg timestamp="20210616 13:50:00.811" level="DEBUG">Finished Request</msg>
<msg timestamp="20210616 13:50:00.812" level="DEBUG">POST http://127.0.0.1:60578/session/ac03ff37ad5a3ebca3a4710dcd80cf54/url {"url": "http://automationpractice.com/index.php"}</msg>
<msg timestamp="20210616 13:50:09.545" level="DEBUG">http://127.0.0.1:60578 "POST /session/ac03ff37ad5a3ebca3a4710dcd80cf54/url HTTP/1.1" 200 14</msg>
<msg timestamp="20210616 13:50:09.546" level="DEBUG">Finished Request</msg>
<msg timestamp="20210616 13:50:09.546" level="DEBUG">Opened browser with session id ac03ff37ad5a3ebca3a4710dcd80cf54.</msg>
<msg timestamp="20210616 13:50:09.546" level="TRACE">Return: 1</msg>
<status status="PASS" starttime="20210616 13:49:59.529" endtime="20210616 13:50:09.546"/>
</kw>
<msg timestamp="20210616 13:50:09.546" level="TRACE">Return: None</msg>
<status status="PASS" starttime="20210616 13:49:59.528" endtime="20210616 13:50:09.546"/>
</kw>
<test id="s1-s1-t1" name="Inserir AL910_11">
<kw name="E seleciono equipamento">
<arg>AL910_11</arg>
<msg timestamp="20210616 13:50:09.548" level="TRACE">Arguments: [ ${equipamento}='AL910_11' ]</msg>
<kw name="Input Text" library="SeleniumLibrary">
<arg>css=#search_query_top</arg>
<arg>${equipamento}</arg>
<doc>Types the given ``text`` into the text field identified by ``locator``.</doc>
<msg timestamp="20210616 13:50:09.549" level="TRACE">Arguments: [ 'css=#search_query_top' | 'AL910_11' ]</msg>
<msg timestamp="20210616 13:50:09.549" level="INFO">Typing text 'AL910_11' into text field 'css=#search_query_top'.</msg>
<msg timestamp="20210616 13:50:09.550" level="DEBUG">POST http://127.0.0.1:60578/session/ac03ff37ad5a3ebca3a4710dcd80cf54/elements {"using": "css selector", "value": "#search_query_top"}</msg>
<msg timestamp="20210616 13:50:09.628" level="DEBUG">http://127.0.0.1:60578 "POST /session/ac03ff37ad5a3ebca3a4710dcd80cf54/elements HTTP/1.1" 200 90</msg>
<msg timestamp="20210616 13:50:09.628" level="DEBUG">Finished Request</msg>
<msg timestamp="20210616 13:50:09.628" level="DEBUG">POST http://127.0.0.1:60578/session/ac03ff37ad5a3ebca3a4710dcd80cf54/element/342c4c74-f60b-4f5a-a3d3-3a7f66f91c4a/clear {"id": "342c4c74-f60b-4f5a-a3d3-3a7f66f91c4a"}</msg>
<msg timestamp="20210616 13:50:09.843" level="DEBUG">http://127.0.0.1:60578 "POST /session/ac03ff37ad5a3ebca3a4710dcd80cf54/element/342c4c74-f60b-4f5a-a3d3-3a7f66f91c4a/clear HTTP/1.1" 200 14</msg>
<msg timestamp="20210616 13:50:09.843" level="DEBUG">Finished Request</msg>
<msg timestamp="20210616 13:50:09.844" level="DEBUG">POST http://127.0.0.1:60578/session/ac03ff37ad5a3ebca3a4710dcd80cf54/element/342c4c74-f60b-4f5a-a3d3-3a7f66f91c4a/value {"text": "AL910_11", "value": ["A", "L", "9", "1", "0", "_", "1", "1"], "id": "342c4c74-f60b-4f5a-a3d3-3a7f66f91c4a"}</msg>
<msg timestamp="20210616 13:50:10.137" level="DEBUG">http://127.0.0.1:60578 "POST /session/ac03ff37ad5a3ebca3a4710dcd80cf54/element/342c4c74-f60b-4f5a-a3d3-3a7f66f91c4a/value HTTP/1.1" 200 14</msg>
<msg timestamp="20210616 13:50:10.137" level="DEBUG">Finished Request</msg>
<msg timestamp="20210616 13:50:10.138" level="TRACE">Return: None</msg>
<status status="PASS" starttime="20210616 13:50:09.549" endtime="20210616 13:50:10.138"/>
</kw>
<msg timestamp="20210616 13:50:10.138" level="TRACE">Return: None</msg>
<status status="PASS" starttime="20210616 13:50:09.548" endtime="20210616 13:50:10.138"/>
</kw>
<status status="PASS" starttime="20210616 13:50:09.547" endtime="20210616 13:50:10.139"/>
</test>
<test id="s1-s1-t2" name="Inserir AL910_12">
<kw name="E seleciono equipamento">
<arg>AL910_12</arg>
<msg timestamp="20210616 13:50:10.141" level="TRACE">Arguments: [ ${equipamento}='AL910_12' ]</msg>
<kw name="Input Text" library="SeleniumLibrary">
<arg>css=#search_query_top</arg>
<arg>${equipamento}</arg>
<doc>Types the given ``text`` into the text field identified by ``locator``.</doc>
<msg timestamp="20210616 13:50:10.141" level="TRACE">Arguments: [ 'css=#search_query_top' | 'AL910_12' ]</msg>
<msg timestamp="20210616 13:50:10.142" level="INFO">Typing text 'AL910_12' into text field 'css=#search_query_top'.</msg>
<msg timestamp="20210616 13:50:10.142" level="DEBUG">POST http://127.0.0.1:60578/session/ac03ff37ad5a3ebca3a4710dcd80cf54/elements {"using": "css selector", "value": "#search_query_top"}</msg>
<msg timestamp="20210616 13:50:10.182" level="DEBUG">http://127.0.0.1:60578 "POST /session/ac03ff37ad5a3ebca3a4710dcd80cf54/elements HTTP/1.1" 200 90</msg>
<msg timestamp="20210616 13:50:10.183" level="DEBUG">Finished Request</msg>
<msg timestamp="20210616 13:50:10.183" level="DEBUG">POST http://127.0.0.1:60578/session/ac03ff37ad5a3ebca3a4710dcd80cf54/element/342c4c74-f60b-4f5a-a3d3-3a7f66f91c4a/clear {"id": "342c4c74-f60b-4f5a-a3d3-3a7f66f91c4a"}</msg>
<msg timestamp="20210616 13:50:10.216" level="DEBUG">http://127.0.0.1:60578 "POST /session/ac03ff37ad5a3ebca3a4710dcd80cf54/element/342c4c74-f60b-4f5a-a3d3-3a7f66f91c4a/clear HTTP/1.1" 200 14</msg>
<msg timestamp="20210616 13:50:10.216" level="DEBUG">Finished Request</msg>
<msg timestamp="20210616 13:50:10.216" level="DEBUG">POST http://127.0.0.1:60578/session/ac03ff37ad5a3ebca3a4710dcd80cf54/element/342c4c74-f60b-4f5a-a3d3-3a7f66f91c4a/value {"text": "AL910_12", "value": ["A", "L", "9", "1", "0", "_", "1", "2"], "id": "342c4c74-f60b-4f5a-a3d3-3a7f66f91c4a"}</msg>
<msg timestamp="20210616 13:50:10.246" level="DEBUG">http://127.0.0.1:60578 "POST /session/ac03ff37ad5a3ebca3a4710dcd80cf54/element/342c4c74-f60b-4f5a-a3d3-3a7f66f91c4a/value HTTP/1.1" 200 14</msg>
<msg timestamp="20210616 13:50:10.246" level="DEBUG">Finished Request</msg>
<msg timestamp="20210616 13:50:10.246" level="TRACE">Return: None</msg>
<status status="PASS" starttime="20210616 13:50:10.141" endtime="20210616 13:50:10.247"/>
</kw>
<msg timestamp="20210616 13:50:10.247" level="TRACE">Return: None</msg>
<status status="PASS" starttime="20210616 13:50:10.141" endtime="20210616 13:50:10.247"/>
</kw>
<status status="PASS" starttime="20210616 13:50:10.140" endtime="20210616 13:50:10.247"/>
</test>
<test id="s1-s1-t3" name="Inserir AL910_13">
<kw name="E seleciono equipamento">
<arg>AL910_13</arg>
<msg timestamp="20210616 13:50:10.249" level="TRACE">Arguments: [ ${equipamento}='AL910_13' ]</msg>
<kw name="Input Text" library="SeleniumLibrary">
<arg>css=#search_query_top</arg>
<arg>${equipamento}</arg>
<doc>Types the given ``text`` into the text field identified by ``locator``.</doc>
<msg timestamp="20210616 13:50:10.250" level="TRACE">Arguments: [ 'css=#search_query_top' | 'AL910_13' ]</msg>
<msg timestamp="20210616 13:50:10.250" level="INFO">Typing text 'AL910_13' into text field 'css=#search_query_top'.</msg>
<msg timestamp="20210616 13:50:10.250" level="DEBUG">POST http://127.0.0.1:60578/session/ac03ff37ad5a3ebca3a4710dcd80cf54/elements {"using": "css selector", "value": "#search_query_top"}</msg>
<msg timestamp="20210616 13:50:10.258" level="DEBUG">http://127.0.0.1:60578 "POST /session/ac03ff37ad5a3ebca3a4710dcd80cf54/elements HTTP/1.1" 200 90</msg>
<msg timestamp="20210616 13:50:10.259" level="DEBUG">Finished Request</msg>
<msg timestamp="20210616 13:50:10.259" level="DEBUG">POST http://127.0.0.1:60578/session/ac03ff37ad5a3ebca3a4710dcd80cf54/element/342c4c74-f60b-4f5a-a3d3-3a7f66f91c4a/clear {"id": "342c4c74-f60b-4f5a-a3d3-3a7f66f91c4a"}</msg>
<msg timestamp="20210616 13:50:10.278" level="DEBUG">http://127.0.0.1:60578 "POST /session/ac03ff37ad5a3ebca3a4710dcd80cf54/element/342c4c74-f60b-4f5a-a3d3-3a7f66f91c4a/clear HTTP/1.1" 200 14</msg>
<msg timestamp="20210616 13:50:10.278" level="DEBUG">Finished Request</msg>
<msg timestamp="20210616 13:50:10.279" level="DEBUG">POST http://127.0.0.1:60578/session/ac03ff37ad5a3ebca3a4710dcd80cf54/element/342c4c74-f60b-4f5a-a3d3-3a7f66f91c4a/value {"text": "AL910_13", "value": ["A", "L", "9", "1", "0", "_", "1", "3"], "id": "342c4c74-f60b-4f5a-a3d3-3a7f66f91c4a"}</msg>
<msg timestamp="20210616 13:50:10.307" level="DEBUG">http://127.0.0.1:60578 "POST /session/ac03ff37ad5a3ebca3a4710dcd80cf54/element/342c4c74-f60b-4f5a-a3d3-3a7f66f91c4a/value HTTP/1.1" 200 14</msg>
<msg timestamp="20210616 13:50:10.307" level="DEBUG">Finished Request</msg>
<msg timestamp="20210616 13:50:10.308" level="TRACE">Return: None</msg>
<status status="PASS" starttime="20210616 13:50:10.249" endtime="20210616 13:50:10.308"/>
</kw>
<msg timestamp="20210616 13:50:10.308" level="TRACE">Return: None</msg>
<status status="PASS" starttime="20210616 13:50:10.249" endtime="20210616 13:50:10.308"/>
</kw>
<status status="PASS" starttime="20210616 13:50:10.248" endtime="20210616 13:50:10.308"/>
</test>
<test id="s1-s1-t4" name="Inserir AL910_14">
<kw name="E seleciono equipamento">
<arg>AL910_14</arg>
<msg timestamp="20210616 13:50:10.311" level="TRACE">Arguments: [ ${equipamento}='AL910_14' ]</msg>
<kw name="Input Text" library="SeleniumLibrary">
<arg>css=#search_query_top</arg>
<arg>${equipamento}</arg>
<doc>Types the given ``text`` into the text field identified by ``locator``.</doc>
<msg timestamp="20210616 13:50:10.311" level="TRACE">Arguments: [ 'css=#search_query_top' | 'AL910_14' ]</msg>
<msg timestamp="20210616 13:50:10.311" level="INFO">Typing text 'AL910_14' into text field 'css=#search_query_top'.</msg>
<msg timestamp="20210616 13:50:10.311" level="DEBUG">POST http://127.0.0.1:60578/session/ac03ff37ad5a3ebca3a4710dcd80cf54/elements {"using": "css selector", "value": "#search_query_top"}</msg>
<msg timestamp="20210616 13:50:10.345" level="DEBUG">http://127.0.0.1:60578 "POST /session/ac03ff37ad5a3ebca3a4710dcd80cf54/elements HTTP/1.1" 200 90</msg>
<msg timestamp="20210616 13:50:10.346" level="DEBUG">Finished Request</msg>
<msg timestamp="20210616 13:50:10.346" level="DEBUG">POST http://127.0.0.1:60578/session/ac03ff37ad5a3ebca3a4710dcd80cf54/element/342c4c74-f60b-4f5a-a3d3-3a7f66f91c4a/clear {"id": "342c4c74-f60b-4f5a-a3d3-3a7f66f91c4a"}</msg>
<msg timestamp="20210616 13:50:10.369" level="DEBUG">http://127.0.0.1:60578 "POST /session/ac03ff37ad5a3ebca3a4710dcd80cf54/element/342c4c74-f60b-4f5a-a3d3-3a7f66f91c4a/clear HTTP/1.1" 200 14</msg>
<msg timestamp="20210616 13:50:10.369" level="DEBUG">Finished Request</msg>
<msg timestamp="20210616 13:50:10.369" level="DEBUG">POST http://127.0.0.1:60578/session/ac03ff37ad5a3ebca3a4710dcd80cf54/element/342c4c74-f60b-4f5a-a3d3-3a7f66f91c4a/value {"text": "AL910_14", "value": ["A", "L", "9", "1", "0", "_", "1", "4"], "id": "342c4c74-f60b-4f5a-a3d3-3a7f66f91c4a"}</msg>
<msg timestamp="20210616 13:50:10.398" level="DEBUG">http://127.0.0.1:60578 "POST /session/ac03ff37ad5a3ebca3a4710dcd80cf54/element/342c4c74-f60b-4f5a-a3d3-3a7f66f91c4a/value HTTP/1.1" 200 14</msg>
<msg timestamp="20210616 13:50:10.398" level="DEBUG">Finished Request</msg>
<msg timestamp="20210616 13:50:10.398" level="TRACE">Return: None</msg>
<status status="PASS" starttime="20210616 13:50:10.311" endtime="20210616 13:50:10.399"/>
</kw>
<msg timestamp="20210616 13:50:10.399" level="TRACE">Return: None</msg>
<status status="PASS" starttime="20210616 13:50:10.310" endtime="20210616 13:50:10.399"/>
</kw>
<status status="PASS" starttime="20210616 13:50:10.310" endtime="20210616 13:50:10.399"/>
</test>
<test id="s1-s1-t5" name="Inserir AL910_07">
<kw name="E seleciono equipamento">
<arg>AL910_07</arg>
<msg timestamp="20210616 13:50:10.401" level="TRACE">Arguments: [ ${equipamento}='AL910_07' ]</msg>
<kw name="Input Text" library="SeleniumLibrary">
<arg>css=#search_query_top</arg>
<arg>${equipamento}</arg>
<doc>Types the given ``text`` into the text field identified by ``locator``.</doc>
<msg timestamp="20210616 13:50:10.401" level="TRACE">Arguments: [ 'css=#search_query_top' | 'AL910_07' ]</msg>
<msg timestamp="20210616 13:50:10.401" level="INFO">Typing text 'AL910_07' into text field 'css=#search_query_top'.</msg>
<msg timestamp="20210616 13:50:10.401" level="DEBUG">POST http://127.0.0.1:60578/session/ac03ff37ad5a3ebca3a4710dcd80cf54/elements {"using": "css selector", "value": "#search_query_top"}</msg>
<msg timestamp="20210616 13:50:10.410" level="DEBUG">http://127.0.0.1:60578 "POST /session/ac03ff37ad5a3ebca3a4710dcd80cf54/elements HTTP/1.1" 200 90</msg>
<msg timestamp="20210616 13:50:10.410" level="DEBUG">Finished Request</msg>
<msg timestamp="20210616 13:50:10.410" level="DEBUG">POST http://127.0.0.1:60578/session/ac03ff37ad5a3ebca3a4710dcd80cf54/element/342c4c74-f60b-4f5a-a3d3-3a7f66f91c4a/clear {"id": "342c4c74-f60b-4f5a-a3d3-3a7f66f91c4a"}</msg>
<msg timestamp="20210616 13:50:10.428" level="DEBUG">http://127.0.0.1:60578 "POST /session/ac03ff37ad5a3ebca3a4710dcd80cf54/element/342c4c74-f60b-4f5a-a3d3-3a7f66f91c4a/clear HTTP/1.1" 200 14</msg>
<msg timestamp="20210616 13:50:10.428" level="DEBUG">Finished Request</msg>
<msg timestamp="20210616 13:50:10.428" level="DEBUG">POST http://127.0.0.1:60578/session/ac03ff37ad5a3ebca3a4710dcd80cf54/element/342c4c74-f60b-4f5a-a3d3-3a7f66f91c4a/value {"text": "AL910_07", "value": ["A", "L", "9", "1", "0", "_", "0", "7"], "id": "342c4c74-f60b-4f5a-a3d3-3a7f66f91c4a"}</msg>
<msg timestamp="20210616 13:50:10.460" level="DEBUG">http://127.0.0.1:60578 "POST /session/ac03ff37ad5a3ebca3a4710dcd80cf54/element/342c4c74-f60b-4f5a-a3d3-3a7f66f91c4a/value HTTP/1.1" 200 14</msg>
<msg timestamp="20210616 13:50:10.460" level="DEBUG">Finished Request</msg>
<msg timestamp="20210616 13:50:10.460" level="TRACE">Return: None</msg>
<status status="PASS" starttime="20210616 13:50:10.401" endtime="20210616 13:50:10.460"/>
</kw>
<msg timestamp="20210616 13:50:10.461" level="TRACE">Return: None</msg>
<status status="PASS" starttime="20210616 13:50:10.401" endtime="20210616 13:50:10.461"/>
</kw>
<status status="PASS" starttime="20210616 13:50:10.400" endtime="20210616 13:50:10.461"/>
</test>
<test id="s1-s1-t6" name="Inserir AL910_02">
<kw name="E seleciono equipamento">
<arg>AL910_02</arg>
<msg timestamp="20210616 13:50:10.463" level="TRACE">Arguments: [ ${equipamento}='AL910_02' ]</msg>
<kw name="Input Text" library="SeleniumLibrary">
<arg>css=#search_query_top</arg>
<arg>${equipamento}</arg>
<doc>Types the given ``text`` into the text field identified by ``locator``.</doc>
<msg timestamp="20210616 13:50:10.464" level="TRACE">Arguments: [ 'css=#search_query_top' | 'AL910_02' ]</msg>
<msg timestamp="20210616 13:50:10.464" level="INFO">Typing text 'AL910_02' into text field 'css=#search_query_top'.</msg>
<msg timestamp="20210616 13:50:10.464" level="DEBUG">POST http://127.0.0.1:60578/session/ac03ff37ad5a3ebca3a4710dcd80cf54/elements {"using": "css selector", "value": "#search_query_top"}</msg>
<msg timestamp="20210616 13:50:10.470" level="DEBUG">http://127.0.0.1:60578 "POST /session/ac03ff37ad5a3ebca3a4710dcd80cf54/elements HTTP/1.1" 200 90</msg>
<msg timestamp="20210616 13:50:10.470" level="DEBUG">Finished Request</msg>
<msg timestamp="20210616 13:50:10.470" level="DEBUG">POST http://127.0.0.1:60578/session/ac03ff37ad5a3ebca3a4710dcd80cf54/element/342c4c74-f60b-4f5a-a3d3-3a7f66f91c4a/clear {"id": "342c4c74-f60b-4f5a-a3d3-3a7f66f91c4a"}</msg>
<msg timestamp="20210616 13:50:10.485" level="DEBUG">http://127.0.0.1:60578 "POST /session/ac03ff37ad5a3ebca3a4710dcd80cf54/element/342c4c74-f60b-4f5a-a3d3-3a7f66f91c4a/clear HTTP/1.1" 200 14</msg>
<msg timestamp="20210616 13:50:10.486" level="DEBUG">Finished Request</msg>
<msg timestamp="20210616 13:50:10.486" level="DEBUG">POST http://127.0.0.1:60578/session/ac03ff37ad5a3ebca3a4710dcd80cf54/element/342c4c74-f60b-4f5a-a3d3-3a7f66f91c4a/value {"text": "AL910_02", "value": ["A", "L", "9", "1", "0", "_", "0", "2"], "id": "342c4c74-f60b-4f5a-a3d3-3a7f66f91c4a"}</msg>
<msg timestamp="20210616 13:50:10.516" level="DEBUG">http://127.0.0.1:60578 "POST /session/ac03ff37ad5a3ebca3a4710dcd80cf54/element/342c4c74-f60b-4f5a-a3d3-3a7f66f91c4a/value HTTP/1.1" 200 14</msg>
<msg timestamp="20210616 13:50:10.516" level="DEBUG">Finished Request</msg>
<msg timestamp="20210616 13:50:10.516" level="TRACE">Return: None</msg>
<status status="PASS" starttime="20210616 13:50:10.463" endtime="20210616 13:50:10.516"/>
</kw>
<msg timestamp="20210616 13:50:10.516" level="TRACE">Return: None</msg>
<status status="PASS" starttime="20210616 13:50:10.463" endtime="20210616 13:50:10.516"/>
</kw>
<status status="PASS" starttime="20210616 13:50:10.462" endtime="20210616 13:50:10.517"/>
</test>
<test id="s1-s1-t7" name="Inserir AL910_04">
<kw name="E seleciono equipamento">
<arg>AL910_04</arg>
<msg timestamp="20210616 13:50:10.519" level="TRACE">Arguments: [ ${equipamento}='AL910_04' ]</msg>
<kw name="Input Text" library="SeleniumLibrary">
<arg>css=#search_query_top</arg>
<arg>${equipamento}</arg>
<doc>Types the given ``text`` into the text field identified by ``locator``.</doc>
<msg timestamp="20210616 13:50:10.519" level="TRACE">Arguments: [ 'css=#search_query_top' | 'AL910_04' ]</msg>
<msg timestamp="20210616 13:50:10.519" level="INFO">Typing text 'AL910_04' into text field 'css=#search_query_top'.</msg>
<msg timestamp="20210616 13:50:10.519" level="DEBUG">POST http://127.0.0.1:60578/session/ac03ff37ad5a3ebca3a4710dcd80cf54/elements {"using": "css selector", "value": "#search_query_top"}</msg>
<msg timestamp="20210616 13:50:10.527" level="DEBUG">http://127.0.0.1:60578 "POST /session/ac03ff37ad5a3ebca3a4710dcd80cf54/elements HTTP/1.1" 200 90</msg>
<msg timestamp="20210616 13:50:10.527" level="DEBUG">Finished Request</msg>
<msg timestamp="20210616 13:50:10.527" level="DEBUG">POST http://127.0.0.1:60578/session/ac03ff37ad5a3ebca3a4710dcd80cf54/element/342c4c74-f60b-4f5a-a3d3-3a7f66f91c4a/clear {"id": "342c4c74-f60b-4f5a-a3d3-3a7f66f91c4a"}</msg>
<msg timestamp="20210616 13:50:10.545" level="DEBUG">http://127.0.0.1:60578 "POST /session/ac03ff37ad5a3ebca3a4710dcd80cf54/element/342c4c74-f60b-4f5a-a3d3-3a7f66f91c4a/clear HTTP/1.1" 200 14</msg>
<msg timestamp="20210616 13:50:10.545" level="DEBUG">Finished Request</msg>
<msg timestamp="20210616 13:50:10.545" level="DEBUG">POST http://127.0.0.1:60578/session/ac03ff37ad5a3ebca3a4710dcd80cf54/element/342c4c74-f60b-4f5a-a3d3-3a7f66f91c4a/value {"text": "AL910_04", "value": ["A", "L", "9", "1", "0", "_", "0", "4"], "id": "342c4c74-f60b-4f5a-a3d3-3a7f66f91c4a"}</msg>
<msg timestamp="20210616 13:50:10.576" level="DEBUG">http://127.0.0.1:60578 "POST /session/ac03ff37ad5a3ebca3a4710dcd80cf54/element/342c4c74-f60b-4f5a-a3d3-3a7f66f91c4a/value HTTP/1.1" 200 14</msg>
<msg timestamp="20210616 13:50:10.576" level="DEBUG">Finished Request</msg>
<msg timestamp="20210616 13:50:10.576" level="TRACE">Return: None</msg>
<status status="PASS" starttime="20210616 13:50:10.519" endtime="20210616 13:50:10.576"/>
</kw>
<msg timestamp="20210616 13:50:10.576" level="TRACE">Return: None</msg>
<status status="PASS" starttime="20210616 13:50:10.518" endtime="20210616 13:50:10.577"/>
</kw>
<status status="PASS" starttime="20210616 13:50:10.518" endtime="20210616 13:50:10.577"/>
</test>
<test id="s1-s1-t8" name="Inserir AL910_01">
<kw name="E seleciono equipamento">
<arg>AL910_01</arg>
<msg timestamp="20210616 13:50:10.579" level="TRACE">Arguments: [ ${equipamento}='AL910_01' ]</msg>
<kw name="Input Text" library="SeleniumLibrary">
<arg>css=#search_query_top</arg>
<arg>${equipamento}</arg>
<doc>Types the given ``text`` into the text field identified by ``locator``.</doc>
<msg timestamp="20210616 13:50:10.579" level="TRACE">Arguments: [ 'css=#search_query_top' | 'AL910_01' ]</msg>
<msg timestamp="20210616 13:50:10.579" level="INFO">Typing text 'AL910_01' into text field 'css=#search_query_top'.</msg>
<msg timestamp="20210616 13:50:10.579" level="DEBUG">POST http://127.0.0.1:60578/session/ac03ff37ad5a3ebca3a4710dcd80cf54/elements {"using": "css selector", "value": "#search_query_top"}</msg>
<msg timestamp="20210616 13:50:10.585" level="DEBUG">http://127.0.0.1:60578 "POST /session/ac03ff37ad5a3ebca3a4710dcd80cf54/elements HTTP/1.1" 200 90</msg>
<msg timestamp="20210616 13:50:10.585" level="DEBUG">Finished Request</msg>
<msg timestamp="20210616 13:50:10.585" level="DEBUG">POST http://127.0.0.1:60578/session/ac03ff37ad5a3ebca3a4710dcd80cf54/element/342c4c74-f60b-4f5a-a3d3-3a7f66f91c4a/clear {"id": "342c4c74-f60b-4f5a-a3d3-3a7f66f91c4a"}</msg>
<msg timestamp="20210616 13:50:10.600" level="DEBUG">http://127.0.0.1:60578 "POST /session/ac03ff37ad5a3ebca3a4710dcd80cf54/element/342c4c74-f60b-4f5a-a3d3-3a7f66f91c4a/clear HTTP/1.1" 200 14</msg>
<msg timestamp="20210616 13:50:10.600" level="DEBUG">Finished Request</msg>
<msg timestamp="20210616 13:50:10.601" level="DEBUG">POST http://127.0.0.1:60578/session/ac03ff37ad5a3ebca3a4710dcd80cf54/element/342c4c74-f60b-4f5a-a3d3-3a7f66f91c4a/value {"text": "AL910_01", "value": ["A", "L", "9", "1", "0", "_", "0", "1"], "id": "342c4c74-f60b-4f5a-a3d3-3a7f66f91c4a"}</msg>
<msg timestamp="20210616 13:50:10.632" level="DEBUG">http://127.0.0.1:60578 "POST /session/ac03ff37ad5a3ebca3a4710dcd80cf54/element/342c4c74-f60b-4f5a-a3d3-3a7f66f91c4a/value HTTP/1.1" 200 14</msg>
<msg timestamp="20210616 13:50:10.633" level="DEBUG">Finished Request</msg>
<msg timestamp="20210616 13:50:10.633" level="TRACE">Return: None</msg>
<status status="PASS" starttime="20210616 13:50:10.579" endtime="20210616 13:50:10.633"/>
</kw>
<msg timestamp="20210616 13:50:10.633" level="TRACE">Return: None</msg>
<status status="PASS" starttime="20210616 13:50:10.578" endtime="20210616 13:50:10.633"/>
</kw>
<status status="PASS" starttime="20210616 13:50:10.578" endtime="20210616 13:50:10.634"/>
</test>
<test id="s1-s1-t9" name="Inserir AL910_05">
<kw name="E seleciono equipamento">
<arg>AL910_05</arg>
<msg timestamp="20210616 13:50:10.636" level="TRACE">Arguments: [ ${equipamento}='AL910_05' ]</msg>
<kw name="Input Text" library="SeleniumLibrary">
<arg>css=#search_query_top</arg>
<arg>${equipamento}</arg>
<doc>Types the given ``text`` into the text field identified by ``locator``.</doc>
<msg timestamp="20210616 13:50:10.637" level="TRACE">Arguments: [ 'css=#search_query_top' | 'AL910_05' ]</msg>
<msg timestamp="20210616 13:50:10.637" level="INFO">Typing text 'AL910_05' into text field 'css=#search_query_top'.</msg>
<msg timestamp="20210616 13:50:10.637" level="DEBUG">POST http://127.0.0.1:60578/session/ac03ff37ad5a3ebca3a4710dcd80cf54/elements {"using": "css selector", "value": "#search_query_top"}</msg>
<msg timestamp="20210616 13:50:10.644" level="DEBUG">http://127.0.0.1:60578 "POST /session/ac03ff37ad5a3ebca3a4710dcd80cf54/elements HTTP/1.1" 200 90</msg>
<msg timestamp="20210616 13:50:10.645" level="DEBUG">Finished Request</msg>
<msg timestamp="20210616 13:50:10.645" level="DEBUG">POST http://127.0.0.1:60578/session/ac03ff37ad5a3ebca3a4710dcd80cf54/element/342c4c74-f60b-4f5a-a3d3-3a7f66f91c4a/clear {"id": "342c4c74-f60b-4f5a-a3d3-3a7f66f91c4a"}</msg>
<msg timestamp="20210616 13:50:10.662" level="DEBUG">http://127.0.0.1:60578 "POST /session/ac03ff37ad5a3ebca3a4710dcd80cf54/element/342c4c74-f60b-4f5a-a3d3-3a7f66f91c4a/clear HTTP/1.1" 200 14</msg>
<msg timestamp="20210616 13:50:10.662" level="DEBUG">Finished Request</msg>
<msg timestamp="20210616 13:50:10.663" level="DEBUG">POST http://127.0.0.1:60578/session/ac03ff37ad5a3ebca3a4710dcd80cf54/element/342c4c74-f60b-4f5a-a3d3-3a7f66f91c4a/value {"text": "AL910_05", "value": ["A", "L", "9", "1", "0", "_", "0", "5"], "id": "342c4c74-f60b-4f5a-a3d3-3a7f66f91c4a"}</msg>
<msg timestamp="20210616 13:50:10.694" level="DEBUG">http://127.0.0.1:60578 "POST /session/ac03ff37ad5a3ebca3a4710dcd80cf54/element/342c4c74-f60b-4f5a-a3d3-3a7f66f91c4a/value HTTP/1.1" 200 14</msg>
<msg timestamp="20210616 13:50:10.694" level="DEBUG">Finished Request</msg>
<msg timestamp="20210616 13:50:10.694" level="TRACE">Return: None</msg>
<status status="PASS" starttime="20210616 13:50:10.637" endtime="20210616 13:50:10.694"/>
</kw>
<msg timestamp="20210616 13:50:10.695" level="TRACE">Return: None</msg>
<status status="PASS" starttime="20210616 13:50:10.636" endtime="20210616 13:50:10.695"/>
</kw>
<status status="PASS" starttime="20210616 13:50:10.635" endtime="20210616 13:50:10.695"/>
</test>
<test id="s1-s1-t10" name="Inserir AL910_15">
<kw name="E seleciono equipamento">
<arg>AL910_15</arg>
<msg timestamp="20210616 13:50:10.697" level="TRACE">Arguments: [ ${equipamento}='AL910_15' ]</msg>
<kw name="Input Text" library="SeleniumLibrary">
<arg>css=#search_query_top</arg>
<arg>${equipamento}</arg>
<doc>Types the given ``text`` into the text field identified by ``locator``.</doc>
<msg timestamp="20210616 13:50:10.698" level="TRACE">Arguments: [ 'css=#search_query_top' | 'AL910_15' ]</msg>
<msg timestamp="20210616 13:50:10.698" level="INFO">Typing text 'AL910_15' into text field 'css=#search_query_top'.</msg>
<msg timestamp="20210616 13:50:10.698" level="DEBUG">POST http://127.0.0.1:60578/session/ac03ff37ad5a3ebca3a4710dcd80cf54/elements {"using": "css selector", "value": "#search_query_top"}</msg>
<msg timestamp="20210616 13:50:10.704" level="DEBUG">http://127.0.0.1:60578 "POST /session/ac03ff37ad5a3ebca3a4710dcd80cf54/elements HTTP/1.1" 200 90</msg>
<msg timestamp="20210616 13:50:10.704" level="DEBUG">Finished Request</msg>
<msg timestamp="20210616 13:50:10.704" level="DEBUG">POST http://127.0.0.1:60578/session/ac03ff37ad5a3ebca3a4710dcd80cf54/element/342c4c74-f60b-4f5a-a3d3-3a7f66f91c4a/clear {"id": "342c4c74-f60b-4f5a-a3d3-3a7f66f91c4a"}</msg>
<msg timestamp="20210616 13:50:10.721" level="DEBUG">http://127.0.0.1:60578 "POST /session/ac03ff37ad5a3ebca3a4710dcd80cf54/element/342c4c74-f60b-4f5a-a3d3-3a7f66f91c4a/clear HTTP/1.1" 200 14</msg>
<msg timestamp="20210616 13:50:10.722" level="DEBUG">Finished Request</msg>
<msg timestamp="20210616 13:50:10.722" level="DEBUG">POST http://127.0.0.1:60578/session/ac03ff37ad5a3ebca3a4710dcd80cf54/element/342c4c74-f60b-4f5a-a3d3-3a7f66f91c4a/value {"text": "AL910_15", "value": ["A", "L", "9", "1", "0", "_", "1", "5"], "id": "342c4c74-f60b-4f5a-a3d3-3a7f66f91c4a"}</msg>
<msg timestamp="20210616 13:50:10.754" level="DEBUG">http://127.0.0.1:60578 "POST /session/ac03ff37ad5a3ebca3a4710dcd80cf54/element/342c4c74-f60b-4f5a-a3d3-3a7f66f91c4a/value HTTP/1.1" 200 14</msg>
<msg timestamp="20210616 13:50:10.755" level="DEBUG">Finished Request</msg>
<msg timestamp="20210616 13:50:10.755" level="TRACE">Return: None</msg>
<status status="PASS" starttime="20210616 13:50:10.697" endtime="20210616 13:50:10.755"/>
</kw>
<msg timestamp="20210616 13:50:10.755" level="TRACE">Return: None</msg>
<status status="PASS" starttime="20210616 13:50:10.697" endtime="20210616 13:50:10.755"/>
</kw>
<status status="PASS" starttime="20210616 13:50:10.696" endtime="20210616 13:50:10.755"/>
</test>
<test id="s1-s1-t11" name="Inserir AL910_03">
<kw name="E seleciono equipamento">
<arg>AL910_03</arg>
<msg timestamp="20210616 13:50:10.758" level="TRACE">Arguments: [ ${equipamento}='AL910_03' ]</msg>
<kw name="Input Text" library="SeleniumLibrary">
<arg>css=#search_query_top</arg>
<arg>${equipamento}</arg>
<doc>Types the given ``text`` into the text field identified by ``locator``.</doc>
<msg timestamp="20210616 13:50:10.758" level="TRACE">Arguments: [ 'css=#search_query_top' | 'AL910_03' ]</msg>
<msg timestamp="20210616 13:50:10.758" level="INFO">Typing text 'AL910_03' into text field 'css=#search_query_top'.</msg>
<msg timestamp="20210616 13:50:10.759" level="DEBUG">POST http://127.0.0.1:60578/session/ac03ff37ad5a3ebca3a4710dcd80cf54/elements {"using": "css selector", "value": "#search_query_top"}</msg>
<msg timestamp="20210616 13:50:10.765" level="DEBUG">http://127.0.0.1:60578 "POST /session/ac03ff37ad5a3ebca3a4710dcd80cf54/elements HTTP/1.1" 200 90</msg>
<msg timestamp="20210616 13:50:10.765" level="DEBUG">Finished Request</msg>
<msg timestamp="20210616 13:50:10.765" level="DEBUG">POST http://127.0.0.1:60578/session/ac03ff37ad5a3ebca3a4710dcd80cf54/element/342c4c74-f60b-4f5a-a3d3-3a7f66f91c4a/clear {"id": "342c4c74-f60b-4f5a-a3d3-3a7f66f91c4a"}</msg>
<msg timestamp="20210616 13:50:10.779" level="DEBUG">http://127.0.0.1:60578 "POST /session/ac03ff37ad5a3ebca3a4710dcd80cf54/element/342c4c74-f60b-4f5a-a3d3-3a7f66f91c4a/clear HTTP/1.1" 200 14</msg>
<msg timestamp="20210616 13:50:10.779" level="DEBUG">Finished Request</msg>
<msg timestamp="20210616 13:50:10.779" level="DEBUG">POST http://127.0.0.1:60578/session/ac03ff37ad5a3ebca3a4710dcd80cf54/element/342c4c74-f60b-4f5a-a3d3-3a7f66f91c4a/value {"text": "AL910_03", "value": ["A", "L", "9", "1", "0", "_", "0", "3"], "id": "342c4c74-f60b-4f5a-a3d3-3a7f66f91c4a"}</msg>
<msg timestamp="20210616 13:50:10.806" level="DEBUG">http://127.0.0.1:60578 "POST /session/ac03ff37ad5a3ebca3a4710dcd80cf54/element/342c4c74-f60b-4f5a-a3d3-3a7f66f91c4a/value HTTP/1.1" 200 14</msg>
<msg timestamp="20210616 13:50:10.807" level="DEBUG">Finished Request</msg>
<msg timestamp="20210616 13:50:10.807" level="TRACE">Return: None</msg>
<status status="PASS" starttime="20210616 13:50:10.758" endtime="20210616 13:50:10.807"/>
</kw>
<msg timestamp="20210616 13:50:10.807" level="TRACE">Return: None</msg>
<status status="PASS" starttime="20210616 13:50:10.757" endtime="20210616 13:50:10.807"/>
</kw>
<status status="PASS" starttime="20210616 13:50:10.757" endtime="20210616 13:50:10.808"/>
</test>
<test id="s1-s1-t12" name="Inserir AL910_08">
<kw name="E seleciono equipamento">
<arg>AL910_08</arg>
<msg timestamp="20210616 13:50:10.810" level="TRACE">Arguments: [ ${equipamento}='AL910_08' ]</msg>
<kw name="Input Text" library="SeleniumLibrary">
<arg>css=#search_query_top</arg>
<arg>${equipamento}</arg>
<doc>Types the given ``text`` into the text field identified by ``locator``.</doc>
<msg timestamp="20210616 13:50:10.810" level="TRACE">Arguments: [ 'css=#search_query_top' | 'AL910_08' ]</msg>
<msg timestamp="20210616 13:50:10.810" level="INFO">Typing text 'AL910_08' into text field 'css=#search_query_top'.</msg>
<msg timestamp="20210616 13:50:10.810" level="DEBUG">POST http://127.0.0.1:60578/session/ac03ff37ad5a3ebca3a4710dcd80cf54/elements {"using": "css selector", "value": "#search_query_top"}</msg>
<msg timestamp="20210616 13:50:10.815" level="DEBUG">http://127.0.0.1:60578 "POST /session/ac03ff37ad5a3ebca3a4710dcd80cf54/elements HTTP/1.1" 200 90</msg>
<msg timestamp="20210616 13:50:10.816" level="DEBUG">Finished Request</msg>
<msg timestamp="20210616 13:50:10.816" level="DEBUG">POST http://127.0.0.1:60578/session/ac03ff37ad5a3ebca3a4710dcd80cf54/element/342c4c74-f60b-4f5a-a3d3-3a7f66f91c4a/clear {"id": "342c4c74-f60b-4f5a-a3d3-3a7f66f91c4a"}</msg>
<msg timestamp="20210616 13:50:10.831" level="DEBUG">http://127.0.0.1:60578 "POST /session/ac03ff37ad5a3ebca3a4710dcd80cf54/element/342c4c74-f60b-4f5a-a3d3-3a7f66f91c4a/clear HTTP/1.1" 200 14</msg>
<msg timestamp="20210616 13:50:10.831" level="DEBUG">Finished Request</msg>
<msg timestamp="20210616 13:50:10.831" level="DEBUG">POST http://127.0.0.1:60578/session/ac03ff37ad5a3ebca3a4710dcd80cf54/element/342c4c74-f60b-4f5a-a3d3-3a7f66f91c4a/value {"text": "AL910_08", "value": ["A", "L", "9", "1", "0", "_", "0", "8"], "id": "342c4c74-f60b-4f5a-a3d3-3a7f66f91c4a"}</msg>
<msg timestamp="20210616 13:50:10.862" level="DEBUG">http://127.0.0.1:60578 "POST /session/ac03ff37ad5a3ebca3a4710dcd80cf54/element/342c4c74-f60b-4f5a-a3d3-3a7f66f91c4a/value HTTP/1.1" 200 14</msg>
<msg timestamp="20210616 13:50:10.863" level="DEBUG">Finished Request</msg>
<msg timestamp="20210616 13:50:10.863" level="TRACE">Return: None</msg>
<status status="PASS" starttime="20210616 13:50:10.810" endtime="20210616 13:50:10.863"/>
</kw>
<msg timestamp="20210616 13:50:10.863" level="TRACE">Return: None</msg>
<status status="PASS" starttime="20210616 13:50:10.809" endtime="20210616 13:50:10.863"/>
</kw>
<status status="PASS" starttime="20210616 13:50:10.809" endtime="20210616 13:50:10.864"/>
</test>
<test id="s1-s1-t13" name="Inserir FR910_01">
<kw name="E seleciono equipamento">
<arg>FR910_01</arg>
<msg timestamp="20210616 13:50:10.866" level="TRACE">Arguments: [ ${equipamento}='FR910_01' ]</msg>
<kw name="Input Text" library="SeleniumLibrary">
<arg>css=#search_query_top</arg>
<arg>${equipamento}</arg>
<doc>Types the given ``text`` into the text field identified by ``locator``.</doc>
<msg timestamp="20210616 13:50:10.866" level="TRACE">Arguments: [ 'css=#search_query_top' | 'FR910_01' ]</msg>
<msg timestamp="20210616 13:50:10.866" level="INFO">Typing text 'FR910_01' into text field 'css=#search_query_top'.</msg>
<msg timestamp="20210616 13:50:10.866" level="DEBUG">POST http://127.0.0.1:60578/session/ac03ff37ad5a3ebca3a4710dcd80cf54/elements {"using": "css selector", "value": "#search_query_top"}</msg>
<msg timestamp="20210616 13:50:10.872" level="DEBUG">http://127.0.0.1:60578 "POST /session/ac03ff37ad5a3ebca3a4710dcd80cf54/elements HTTP/1.1" 200 90</msg>
<msg timestamp="20210616 13:50:10.873" level="DEBUG">Finished Request</msg>
<msg timestamp="20210616 13:50:10.873" level="DEBUG">POST http://127.0.0.1:60578/session/ac03ff37ad5a3ebca3a4710dcd80cf54/element/342c4c74-f60b-4f5a-a3d3-3a7f66f91c4a/clear {"id": "342c4c74-f60b-4f5a-a3d3-3a7f66f91c4a"}</msg>
<msg timestamp="20210616 13:50:10.887" level="DEBUG">http://127.0.0.1:60578 "POST /session/ac03ff37ad5a3ebca3a4710dcd80cf54/element/342c4c74-f60b-4f5a-a3d3-3a7f66f91c4a/clear HTTP/1.1" 200 14</msg>
<msg timestamp="20210616 13:50:10.887" level="DEBUG">Finished Request</msg>
<msg timestamp="20210616 13:50:10.887" level="DEBUG">POST http://127.0.0.1:60578/session/ac03ff37ad5a3ebca3a4710dcd80cf54/element/342c4c74-f60b-4f5a-a3d3-3a7f66f91c4a/value {"text": "FR910_01", "value": ["F", "R", "9", "1", "0", "_", "0", "1"], "id": "342c4c74-f60b-4f5a-a3d3-3a7f66f91c4a"}</msg>
<msg timestamp="20210616 13:50:10.918" level="DEBUG">http://127.0.0.1:60578 "POST /session/ac03ff37ad5a3ebca3a4710dcd80cf54/element/342c4c74-f60b-4f5a-a3d3-3a7f66f91c4a/value HTTP/1.1" 200 14</msg>
<msg timestamp="20210616 13:50:10.919" level="DEBUG">Finished Request</msg>
<msg timestamp="20210616 13:50:10.919" level="TRACE">Return: None</msg>
<status status="PASS" starttime="20210616 13:50:10.866" endtime="20210616 13:50:10.919"/>
</kw>
<msg timestamp="20210616 13:50:10.919" level="TRACE">Return: None</msg>
<status status="PASS" starttime="20210616 13:50:10.866" endtime="20210616 13:50:10.919"/>
</kw>
<status status="PASS" starttime="20210616 13:50:10.865" endtime="20210616 13:50:10.919"/>
</test>
<test id="s1-s1-t14" name="Inserir BA910_03">
<kw name="E seleciono equipamento">
<arg>BA910_03</arg>
<msg timestamp="20210616 13:50:10.921" level="TRACE">Arguments: [ ${equipamento}='BA910_03' ]</msg>
<kw name="Input Text" library="SeleniumLibrary">
<arg>css=#search_query_top</arg>
<arg>${equipamento}</arg>
<doc>Types the given ``text`` into the text field identified by ``locator``.</doc>
<msg timestamp="20210616 13:50:10.922" level="TRACE">Arguments: [ 'css=#search_query_top' | 'BA910_03' ]</msg>
<msg timestamp="20210616 13:50:10.922" level="INFO">Typing text 'BA910_03' into text field 'css=#search_query_top'.</msg>
<msg timestamp="20210616 13:50:10.922" level="DEBUG">POST http://127.0.0.1:60578/session/ac03ff37ad5a3ebca3a4710dcd80cf54/elements {"using": "css selector", "value": "#search_query_top"}</msg>
<msg timestamp="20210616 13:50:10.930" level="DEBUG">http://127.0.0.1:60578 "POST /session/ac03ff37ad5a3ebca3a4710dcd80cf54/elements HTTP/1.1" 200 90</msg>
<msg timestamp="20210616 13:50:10.930" level="DEBUG">Finished Request</msg>
<msg timestamp="20210616 13:50:10.930" level="DEBUG">POST http://127.0.0.1:60578/session/ac03ff37ad5a3ebca3a4710dcd80cf54/element/342c4c74-f60b-4f5a-a3d3-3a7f66f91c4a/clear {"id": "342c4c74-f60b-4f5a-a3d3-3a7f66f91c4a"}</msg>
<msg timestamp="20210616 13:50:10.945" level="DEBUG">http://127.0.0.1:60578 "POST /session/ac03ff37ad5a3ebca3a4710dcd80cf54/element/342c4c74-f60b-4f5a-a3d3-3a7f66f91c4a/clear HTTP/1.1" 200 14</msg>
<msg timestamp="20210616 13:50:10.945" level="DEBUG">Finished Request</msg>
<msg timestamp="20210616 13:50:10.945" level="DEBUG">POST http://127.0.0.1:60578/session/ac03ff37ad5a3ebca3a4710dcd80cf54/element/342c4c74-f60b-4f5a-a3d3-3a7f66f91c4a/value {"text": "BA910_03", "value": ["B", "A", "9", "1", "0", "_", "0", "3"], "id": "342c4c74-f60b-4f5a-a3d3-3a7f66f91c4a"}</msg>
<msg timestamp="20210616 13:50:10.977" level="DEBUG">http://127.0.0.1:60578 "POST /session/ac03ff37ad5a3ebca3a4710dcd80cf54/element/342c4c74-f60b-4f5a-a3d3-3a7f66f91c4a/value HTTP/1.1" 200 14</msg>
<msg timestamp="20210616 13:50:10.978" level="DEBUG">Finished Request</msg>
<msg timestamp="20210616 13:50:10.978" level="TRACE">Return: None</msg>
<status status="PASS" starttime="20210616 13:50:10.921" endtime="20210616 13:50:10.978"/>
</kw>
<msg timestamp="20210616 13:50:10.978" level="TRACE">Return: None</msg>
<status status="PASS" starttime="20210616 13:50:10.921" endtime="20210616 13:50:10.978"/>
</kw>
<status status="PASS" starttime="20210616 13:50:10.921" endtime="20210616 13:50:10.979"/>
</test>
<test id="s1-s1-t15" name="Inserir BA920_01">
<kw name="E seleciono equipamento">
<arg>BA920_01</arg>
<msg timestamp="20210616 13:50:10.981" level="TRACE">Arguments: [ ${equipamento}='BA920_01' ]</msg>
<kw name="Input Text" library="SeleniumLibrary">
<arg>css=#search_query_top</arg>
<arg>${equipamento}</arg>
<doc>Types the given ``text`` into the text field identified by ``locator``.</doc>
<msg timestamp="20210616 13:50:10.981" level="TRACE">Arguments: [ 'css=#search_query_top' | 'BA920_01' ]</msg>
<msg timestamp="20210616 13:50:10.981" level="INFO">Typing text 'BA920_01' into text field 'css=#search_query_top'.</msg>
<msg timestamp="20210616 13:50:10.982" level="DEBUG">POST http://127.0.0.1:60578/session/ac03ff37ad5a3ebca3a4710dcd80cf54/elements {"using": "css selector", "value": "#search_query_top"}</msg>
<msg timestamp="20210616 13:50:10.987" level="DEBUG">http://127.0.0.1:60578 "POST /session/ac03ff37ad5a3ebca3a4710dcd80cf54/elements HTTP/1.1" 200 90</msg>
<msg timestamp="20210616 13:50:10.988" level="DEBUG">Finished Request</msg>
<msg timestamp="20210616 13:50:10.988" level="DEBUG">POST http://127.0.0.1:60578/session/ac03ff37ad5a3ebca3a4710dcd80cf54/element/342c4c74-f60b-4f5a-a3d3-3a7f66f91c4a/clear {"id": "342c4c74-f60b-4f5a-a3d3-3a7f66f91c4a"}</msg>
<msg timestamp="20210616 13:50:11.003" level="DEBUG">http://127.0.0.1:60578 "POST /session/ac03ff37ad5a3ebca3a4710dcd80cf54/element/342c4c74-f60b-4f5a-a3d3-3a7f66f91c4a/clear HTTP/1.1" 200 14</msg>
<msg timestamp="20210616 13:50:11.003" level="DEBUG">Finished Request</msg>
<msg timestamp="20210616 13:50:11.004" level="DEBUG">POST http://127.0.0.1:60578/session/ac03ff37ad5a3ebca3a4710dcd80cf54/element/342c4c74-f60b-4f5a-a3d3-3a7f66f91c4a/value {"text": "BA920_01", "value": ["B", "A", "9", "2", "0", "_", "0", "1"], "id": "342c4c74-f60b-4f5a-a3d3-3a7f66f91c4a"}</msg>
<msg timestamp="20210616 13:50:11.036" level="DEBUG">http://127.0.0.1:60578 "POST /session/ac03ff37ad5a3ebca3a4710dcd80cf54/element/342c4c74-f60b-4f5a-a3d3-3a7f66f91c4a/value HTTP/1.1" 200 14</msg>
<msg timestamp="20210616 13:50:11.037" level="DEBUG">Finished Request</msg>
<msg timestamp="20210616 13:50:11.037" level="TRACE">Return: None</msg>
<status status="PASS" starttime="20210616 13:50:10.981" endtime="20210616 13:50:11.037"/>
</kw>
<msg timestamp="20210616 13:50:11.037" level="TRACE">Return: None</msg>
<status status="PASS" starttime="20210616 13:50:10.981" endtime="20210616 13:50:11.037"/>
</kw>
<status status="PASS" starttime="20210616 13:50:10.980" endtime="20210616 13:50:11.037"/>
</test>
<test id="s1-s1-t16" name="Inserir BA920_02">
<kw name="E seleciono equipamento">
<arg>BA920_02</arg>
<msg timestamp="20210616 13:50:11.040" level="TRACE">Arguments: [ ${equipamento}='BA920_02' ]</msg>
<kw name="Input Text" library="SeleniumLibrary">
<arg>css=#search_query_top</arg>
<arg>${equipamento}</arg>
<doc>Types the given ``text`` into the text field identified by ``locator``.</doc>
<msg timestamp="20210616 13:50:11.040" level="TRACE">Arguments: [ 'css=#search_query_top' | 'BA920_02' ]</msg>
<msg timestamp="20210616 13:50:11.041" level="INFO">Typing text 'BA920_02' into text field 'css=#search_query_top'.</msg>
<msg timestamp="20210616 13:50:11.041" level="DEBUG">POST http://127.0.0.1:60578/session/ac03ff37ad5a3ebca3a4710dcd80cf54/elements {"using": "css selector", "value": "#search_query_top"}</msg>
<msg timestamp="20210616 13:50:11.048" level="DEBUG">http://127.0.0.1:60578 "POST /session/ac03ff37ad5a3ebca3a4710dcd80cf54/elements HTTP/1.1" 200 90</msg>
<msg timestamp="20210616 13:50:11.048" level="DEBUG">Finished Request</msg>
<msg timestamp="20210616 13:50:11.048" level="DEBUG">POST http://127.0.0.1:60578/session/ac03ff37ad5a3ebca3a4710dcd80cf54/element/342c4c74-f60b-4f5a-a3d3-3a7f66f91c4a/clear {"id": "342c4c74-f60b-4f5a-a3d3-3a7f66f91c4a"}</msg>
<msg timestamp="20210616 13:50:11.064" level="DEBUG">http://127.0.0.1:60578 "POST /session/ac03ff37ad5a3ebca3a4710dcd80cf54/element/342c4c74-f60b-4f5a-a3d3-3a7f66f91c4a/clear HTTP/1.1" 200 14</msg>
<msg timestamp="20210616 13:50:11.064" level="DEBUG">Finished Request</msg>
<msg timestamp="20210616 13:50:11.064" level="DEBUG">POST http://127.0.0.1:60578/session/ac03ff37ad5a3ebca3a4710dcd80cf54/element/342c4c74-f60b-4f5a-a3d3-3a7f66f91c4a/value {"text": "BA920_02", "value": ["B", "A", "9", "2", "0", "_", "0", "2"], "id": "342c4c74-f60b-4f5a-a3d3-3a7f66f91c4a"}</msg>
<msg timestamp="20210616 13:50:11.092" level="DEBUG">http://127.0.0.1:60578 "POST /session/ac03ff37ad5a3ebca3a4710dcd80cf54/element/342c4c74-f60b-4f5a-a3d3-3a7f66f91c4a/value HTTP/1.1" 200 14</msg>
<msg timestamp="20210616 13:50:11.092" level="DEBUG">Finished Request</msg>
<msg timestamp="20210616 13:50:11.093" level="TRACE">Return: None</msg>
<status status="PASS" starttime="20210616 13:50:11.040" endtime="20210616 13:50:11.093"/>
</kw>
<msg timestamp="20210616 13:50:11.093" level="TRACE">Return: None</msg>
<status status="PASS" starttime="20210616 13:50:11.039" endtime="20210616 13:50:11.093"/>
</kw>
<status status="PASS" starttime="20210616 13:50:11.038" endtime="20210616 13:50:11.094"/>
</test>
<test id="s1-s1-t17" name="Inserir BA920_03">
<kw name="E seleciono equipamento">
<arg>BA920_03</arg>
<msg timestamp="20210616 13:50:11.096" level="TRACE">Arguments: [ ${equipamento}='BA920_03' ]</msg>
<kw name="Input Text" library="SeleniumLibrary">
<arg>css=#search_query_top</arg>
<arg>${equipamento}</arg>
<doc>Types the given ``text`` into the text field identified by ``locator``.</doc>
<msg timestamp="20210616 13:50:11.096" level="TRACE">Arguments: [ 'css=#search_query_top' | 'BA920_03' ]</msg>
<msg timestamp="20210616 13:50:11.096" level="INFO">Typing text 'BA920_03' into text field 'css=#search_query_top'.</msg>
<msg timestamp="20210616 13:50:11.096" level="DEBUG">POST http://127.0.0.1:60578/session/ac03ff37ad5a3ebca3a4710dcd80cf54/elements {"using": "css selector", "value": "#search_query_top"}</msg>
<msg timestamp="20210616 13:50:11.102" level="DEBUG">http://127.0.0.1:60578 "POST /session/ac03ff37ad5a3ebca3a4710dcd80cf54/elements HTTP/1.1" 200 90</msg>
<msg timestamp="20210616 13:50:11.102" level="DEBUG">Finished Request</msg>
<msg timestamp="20210616 13:50:11.103" level="DEBUG">POST http://127.0.0.1:60578/session/ac03ff37ad5a3ebca3a4710dcd80cf54/element/342c4c74-f60b-4f5a-a3d3-3a7f66f91c4a/clear {"id": "342c4c74-f60b-4f5a-a3d3-3a7f66f91c4a"}</msg>
<msg timestamp="20210616 13:50:11.118" level="DEBUG">http://127.0.0.1:60578 "POST /session/ac03ff37ad5a3ebca3a4710dcd80cf54/element/342c4c74-f60b-4f5a-a3d3-3a7f66f91c4a/clear HTTP/1.1" 200 14</msg>
<msg timestamp="20210616 13:50:11.119" level="DEBUG">Finished Request</msg>
<msg timestamp="20210616 13:50:11.119" level="DEBUG">POST http://127.0.0.1:60578/session/ac03ff37ad5a3ebca3a4710dcd80cf54/element/342c4c74-f60b-4f5a-a3d3-3a7f66f91c4a/value {"text": "BA920_03", "value": ["B", "A", "9", "2", "0", "_", "0", "3"], "id": "342c4c74-f60b-4f5a-a3d3-3a7f66f91c4a"}</msg>
<msg timestamp="20210616 13:50:11.159" level="DEBUG">http://127.0.0.1:60578 "POST /session/ac03ff37ad5a3ebca3a4710dcd80cf54/element/342c4c74-f60b-4f5a-a3d3-3a7f66f91c4a/value HTTP/1.1" 200 14</msg>
<msg timestamp="20210616 13:50:11.159" level="DEBUG">Finished Request</msg>
<msg timestamp="20210616 13:50:11.160" level="TRACE">Return: None</msg>
<status status="PASS" starttime="20210616 13:50:11.096" endtime="20210616 13:50:11.160"/>
</kw>
<msg timestamp="20210616 13:50:11.160" level="TRACE">Return: None</msg>
<status status="PASS" starttime="20210616 13:50:11.095" endtime="20210616 13:50:11.160"/>
</kw>
<status status="PASS" starttime="20210616 13:50:11.095" endtime="20210616 13:50:11.161"/>
</test>
<test id="s1-s1-t18" name="Inserir BA920_04">
<kw name="E seleciono equipamento">
<arg>BA920_04</arg>
<msg timestamp="20210616 13:50:11.163" level="TRACE">Arguments: [ ${equipamento}='BA920_04' ]</msg>
<kw name="Input Text" library="SeleniumLibrary">
<arg>css=#search_query_top</arg>
<arg>${equipamento}</arg>
<doc>Types the given ``text`` into the text field identified by ``locator``.</doc>
<msg timestamp="20210616 13:50:11.164" level="TRACE">Arguments: [ 'css=#search_query_top' | 'BA920_04' ]</msg>
<msg timestamp="20210616 13:50:11.164" level="INFO">Typing text 'BA920_04' into text field 'css=#search_query_top'.</msg>
<msg timestamp="20210616 13:50:11.164" level="DEBUG">POST http://127.0.0.1:60578/session/ac03ff37ad5a3ebca3a4710dcd80cf54/elements {"using": "css selector", "value": "#search_query_top"}</msg>
<msg timestamp="20210616 13:50:11.169" level="DEBUG">http://127.0.0.1:60578 "POST /session/ac03ff37ad5a3ebca3a4710dcd80cf54/elements HTTP/1.1" 200 90</msg>
<msg timestamp="20210616 13:50:11.169" level="DEBUG">Finished Request</msg>
<msg timestamp="20210616 13:50:11.169" level="DEBUG">POST http://127.0.0.1:60578/session/ac03ff37ad5a3ebca3a4710dcd80cf54/element/342c4c74-f60b-4f5a-a3d3-3a7f66f91c4a/clear {"id": "342c4c74-f60b-4f5a-a3d3-3a7f66f91c4a"}</msg>
<msg timestamp="20210616 13:50:11.186" level="DEBUG">http://127.0.0.1:60578 "POST /session/ac03ff37ad5a3ebca3a4710dcd80cf54/element/342c4c74-f60b-4f5a-a3d3-3a7f66f91c4a/clear HTTP/1.1" 200 14</msg>
<msg timestamp="20210616 13:50:11.186" level="DEBUG">Finished Request</msg>
<msg timestamp="20210616 13:50:11.187" level="DEBUG">POST http://127.0.0.1:60578/session/ac03ff37ad5a3ebca3a4710dcd80cf54/element/342c4c74-f60b-4f5a-a3d3-3a7f66f91c4a/value {"text": "BA920_04", "value": ["B", "A", "9", "2", "0", "_", "0", "4"], "id": "342c4c74-f60b-4f5a-a3d3-3a7f66f91c4a"}</msg>
<msg timestamp="20210616 13:50:11.217" level="DEBUG">http://127.0.0.1:60578 "POST /session/ac03ff37ad5a3ebca3a4710dcd80cf54/element/342c4c74-f60b-4f5a-a3d3-3a7f66f91c4a/value HTTP/1.1" 200 14</msg>
<msg timestamp="20210616 13:50:11.217" level="DEBUG">Finished Request</msg>
<msg timestamp="20210616 13:50:11.217" level="TRACE">Return: None</msg>
<status status="PASS" starttime="20210616 13:50:11.163" endtime="20210616 13:50:11.217"/>
</kw>
<msg timestamp="20210616 13:50:11.217" level="TRACE">Return: None</msg>
<status status="PASS" starttime="20210616 13:50:11.163" endtime="20210616 13:50:11.217"/>
</kw>
<status status="PASS" starttime="20210616 13:50:11.162" endtime="20210616 13:50:11.218"/>
</test>
<test id="s1-s1-t19" name="Inserir BA920_05">
<kw name="E seleciono equipamento">
<arg>BA920_05</arg>
<msg timestamp="20210616 13:50:11.220" level="TRACE">Arguments: [ ${equipamento}='BA920_05' ]</msg>
<kw name="Input Text" library="SeleniumLibrary">
<arg>css=#search_query_top</arg>
<arg>${equipamento}</arg>
<doc>Types the given ``text`` into the text field identified by ``locator``.</doc>
<msg timestamp="20210616 13:50:11.220" level="TRACE">Arguments: [ 'css=#search_query_top' | 'BA920_05' ]</msg>
<msg timestamp="20210616 13:50:11.220" level="INFO">Typing text 'BA920_05' into text field 'css=#search_query_top'.</msg>
<msg timestamp="20210616 13:50:11.220" level="DEBUG">POST http://127.0.0.1:60578/session/ac03ff37ad5a3ebca3a4710dcd80cf54/elements {"using": "css selector", "value": "#search_query_top"}</msg>
<msg timestamp="20210616 13:50:11.227" level="DEBUG">http://127.0.0.1:60578 "POST /session/ac03ff37ad5a3ebca3a4710dcd80cf54/elements HTTP/1.1" 200 90</msg>
<msg timestamp="20210616 13:50:11.227" level="DEBUG">Finished Request</msg>
<msg timestamp="20210616 13:50:11.227" level="DEBUG">POST http://127.0.0.1:60578/session/ac03ff37ad5a3ebca3a4710dcd80cf54/element/342c4c74-f60b-4f5a-a3d3-3a7f66f91c4a/clear {"id": "342c4c74-f60b-4f5a-a3d3-3a7f66f91c4a"}</msg>
<msg timestamp="20210616 13:50:11.244" level="DEBUG">http://127.0.0.1:60578 "POST /session/ac03ff37ad5a3ebca3a4710dcd80cf54/element/342c4c74-f60b-4f5a-a3d3-3a7f66f91c4a/clear HTTP/1.1" 200 14</msg>
<msg timestamp="20210616 13:50:11.244" level="DEBUG">Finished Request</msg>
<msg timestamp="20210616 13:50:11.244" level="DEBUG">POST http://127.0.0.1:60578/session/ac03ff37ad5a3ebca3a4710dcd80cf54/element/342c4c74-f60b-4f5a-a3d3-3a7f66f91c4a/value {"text": "BA920_05", "value": ["B", "A", "9", "2", "0", "_", "0", "5"], "id": "342c4c74-f60b-4f5a-a3d3-3a7f66f91c4a"}</msg>
<msg timestamp="20210616 13:50:11.272" level="DEBUG">http://127.0.0.1:60578 "POST /session/ac03ff37ad5a3ebca3a4710dcd80cf54/element/342c4c74-f60b-4f5a-a3d3-3a7f66f91c4a/value HTTP/1.1" 200 14</msg>
<msg timestamp="20210616 13:50:11.273" level="DEBUG">Finished Request</msg>
<msg timestamp="20210616 13:50:11.273" level="TRACE">Return: None</msg>
<status status="PASS" starttime="20210616 13:50:11.220" endtime="20210616 13:50:11.273"/>
</kw>
<msg timestamp="20210616 13:50:11.274" level="TRACE">Return: None</msg>
<status status="PASS" starttime="20210616 13:50:11.219" endtime="20210616 13:50:11.274"/>
</kw>
<status status="PASS" starttime="20210616 13:50:11.219" endtime="20210616 13:50:11.274"/>
</test>
<test id="s1-s1-t20" name="Inserir BA920_06">
<kw name="E seleciono equipamento">
<arg>BA920_06</arg>
<msg timestamp="20210616 13:50:11.276" level="TRACE">Arguments: [ ${equipamento}='BA920_06' ]</msg>
<kw name="Input Text" library="SeleniumLibrary">
<arg>css=#search_query_top</arg>
<arg>${equipamento}</arg>
<doc>Types the given ``text`` into the text field identified by ``locator``.</doc>
<msg timestamp="20210616 13:50:11.277" level="TRACE">Arguments: [ 'css=#search_query_top' | 'BA920_06' ]</msg>
<msg timestamp="20210616 13:50:11.277" level="INFO">Typing text 'BA920_06' into text field 'css=#search_query_top'.</msg>
<msg timestamp="20210616 13:50:11.277" level="DEBUG">POST http://127.0.0.1:60578/session/ac03ff37ad5a3ebca3a4710dcd80cf54/elements {"using": "css selector", "value": "#search_query_top"}</msg>
<msg timestamp="20210616 13:50:11.283" level="DEBUG">http://127.0.0.1:60578 "POST /session/ac03ff37ad5a3ebca3a4710dcd80cf54/elements HTTP/1.1" 200 90</msg>
<msg timestamp="20210616 13:50:11.283" level="DEBUG">Finished Request</msg>
<msg timestamp="20210616 13:50:11.283" level="DEBUG">POST http://127.0.0.1:60578/session/ac03ff37ad5a3ebca3a4710dcd80cf54/element/342c4c74-f60b-4f5a-a3d3-3a7f66f91c4a/clear {"id": "342c4c74-f60b-4f5a-a3d3-3a7f66f91c4a"}</msg>
<msg timestamp="20210616 13:50:11.298" level="DEBUG">http://127.0.0.1:60578 "POST /session/ac03ff37ad5a3ebca3a4710dcd80cf54/element/342c4c74-f60b-4f5a-a3d3-3a7f66f91c4a/clear HTTP/1.1" 200 14</msg>
<msg timestamp="20210616 13:50:11.298" level="DEBUG">Finished Request</msg>
<msg timestamp="20210616 13:50:11.298" level="DEBUG">POST http://127.0.0.1:60578/session/ac03ff37ad5a3ebca3a4710dcd80cf54/element/342c4c74-f60b-4f5a-a3d3-3a7f66f91c4a/value {"text": "BA920_06", "value": ["B", "A", "9", "2", "0", "_", "0", "6"], "id": "342c4c74-f60b-4f5a-a3d3-3a7f66f91c4a"}</msg>
<msg timestamp="20210616 13:50:11.328" level="DEBUG">http://127.0.0.1:60578 "POST /session/ac03ff37ad5a3ebca3a4710dcd80cf54/element/342c4c74-f60b-4f5a-a3d3-3a7f66f91c4a/value HTTP/1.1" 200 14</msg>
<msg timestamp="20210616 13:50:11.328" level="DEBUG">Finished Request</msg>
<msg timestamp="20210616 13:50:11.328" level="TRACE">Return: None</msg>
<status status="PASS" starttime="20210616 13:50:11.277" endtime="20210616 13:50:11.328"/>
</kw>
<msg timestamp="20210616 13:50:11.329" level="TRACE">Return: None</msg>
<status status="PASS" starttime="20210616 13:50:11.276" endtime="20210616 13:50:11.329"/>
</kw>
<status status="PASS" starttime="20210616 13:50:11.275" endtime="20210616 13:50:11.329"/>
</test>
<test id="s1-s1-t21" name="Inserir BA920_07">
<kw name="E seleciono equipamento">
<arg>BA920_07</arg>
<msg timestamp="20210616 13:50:11.331" level="TRACE">Arguments: [ ${equipamento}='BA920_07' ]</msg>
<kw name="Input Text" library="SeleniumLibrary">
<arg>css=#search_query_top</arg>
<arg>${equipamento}</arg>
<doc>Types the given ``text`` into the text field identified by ``locator``.</doc>
<msg timestamp="20210616 13:50:11.331" level="TRACE">Arguments: [ 'css=#search_query_top' | 'BA920_07' ]</msg>
<msg timestamp="20210616 13:50:11.332" level="INFO">Typing text 'BA920_07' into text field 'css=#search_query_top'.</msg>
<msg timestamp="20210616 13:50:11.332" level="DEBUG">POST http://127.0.0.1:60578/session/ac03ff37ad5a3ebca3a4710dcd80cf54/elements {"using": "css selector", "value": "#search_query_top"}</msg>
<msg timestamp="20210616 13:50:11.337" level="DEBUG">http://127.0.0.1:60578 "POST /session/ac03ff37ad5a3ebca3a4710dcd80cf54/elements HTTP/1.1" 200 90</msg>
<msg timestamp="20210616 13:50:11.338" level="DEBUG">Finished Request</msg>
<msg timestamp="20210616 13:50:11.338" level="DEBUG">POST http://127.0.0.1:60578/session/ac03ff37ad5a3ebca3a4710dcd80cf54/element/342c4c74-f60b-4f5a-a3d3-3a7f66f91c4a/clear {"id": "342c4c74-f60b-4f5a-a3d3-3a7f66f91c4a"}</msg>
<msg timestamp="20210616 13:50:11.353" level="DEBUG">http://127.0.0.1:60578 "POST /session/ac03ff37ad5a3ebca3a4710dcd80cf54/element/342c4c74-f60b-4f5a-a3d3-3a7f66f91c4a/clear HTTP/1.1" 200 14</msg>
<msg timestamp="20210616 13:50:11.354" level="DEBUG">Finished Request</msg>
<msg timestamp="20210616 13:50:11.354" level="DEBUG">POST http://127.0.0.1:60578/session/ac03ff37ad5a3ebca3a4710dcd80cf54/element/342c4c74-f60b-4f5a-a3d3-3a7f66f91c4a/value {"text": "BA920_07", "value": ["B", "A", "9", "2", "0", "_", "0", "7"], "id": "342c4c74-f60b-4f5a-a3d3-3a7f66f91c4a"}</msg>
<msg timestamp="20210616 13:50:11.384" level="DEBUG">http://127.0.0.1:60578 "POST /session/ac03ff37ad5a3ebca3a4710dcd80cf54/element/342c4c74-f60b-4f5a-a3d3-3a7f66f91c4a/value HTTP/1.1" 200 14</msg>
<msg timestamp="20210616 13:50:11.384" level="DEBUG">Finished Request</msg>
<msg timestamp="20210616 13:50:11.384" level="TRACE">Return: None</msg>
<status status="PASS" starttime="20210616 13:50:11.331" endtime="20210616 13:50:11.384"/>
</kw>
<msg timestamp="20210616 13:50:11.384" level="TRACE">Return: None</msg>
<status status="PASS" starttime="20210616 13:50:11.331" endtime="20210616 13:50:11.384"/>
</kw>
<status status="PASS" starttime="20210616 13:50:11.330" endtime="20210616 13:50:11.385"/>
</test>
<test id="s1-s1-t22" name="Inserir BA920_11">
<kw name="E seleciono equipamento">
<arg>BA920_11</arg>
<msg timestamp="20210616 13:50:11.387" level="TRACE">Arguments: [ ${equipamento}='BA920_11' ]</msg>
<kw name="Input Text" library="SeleniumLibrary">
<arg>css=#search_query_top</arg>
<arg>${equipamento}</arg>
<doc>Types the given ``text`` into the text field identified by ``locator``.</doc>
<msg timestamp="20210616 13:50:11.387" level="TRACE">Arguments: [ 'css=#search_query_top' | 'BA920_11' ]</msg>
<msg timestamp="20210616 13:50:11.387" level="INFO">Typing text 'BA920_11' into text field 'css=#search_query_top'.</msg>
<msg timestamp="20210616 13:50:11.388" level="DEBUG">POST http://127.0.0.1:60578/session/ac03ff37ad5a3ebca3a4710dcd80cf54/elements {"using": "css selector", "value": "#search_query_top"}</msg>
<msg timestamp="20210616 13:50:11.396" level="DEBUG">http://127.0.0.1:60578 "POST /session/ac03ff37ad5a3ebca3a4710dcd80cf54/elements HTTP/1.1" 200 90</msg>
<msg timestamp="20210616 13:50:11.396" level="DEBUG">Finished Request</msg>
<msg timestamp="20210616 13:50:11.396" level="DEBUG">POST http://127.0.0.1:60578/session/ac03ff37ad5a3ebca3a4710dcd80cf54/element/342c4c74-f60b-4f5a-a3d3-3a7f66f91c4a/clear {"id": "342c4c74-f60b-4f5a-a3d3-3a7f66f91c4a"}</msg>
<msg timestamp="20210616 13:50:11.411" level="DEBUG">http://127.0.0.1:60578 "POST /session/ac03ff37ad5a3ebca3a4710dcd80cf54/element/342c4c74-f60b-4f5a-a3d3-3a7f66f91c4a/clear HTTP/1.1" 200 14</msg>
<msg timestamp="20210616 13:50:11.411" level="DEBUG">Finished Request</msg>
<msg timestamp="20210616 13:50:11.411" level="DEBUG">POST http://127.0.0.1:60578/session/ac03ff37ad5a3ebca3a4710dcd80cf54/element/342c4c74-f60b-4f5a-a3d3-3a7f66f91c4a/value {"text": "BA920_11", "value": ["B", "A", "9", "2", "0", "_", "1", "1"], "id": "342c4c74-f60b-4f5a-a3d3-3a7f66f91c4a"}</msg>
<msg timestamp="20210616 13:50:11.441" level="DEBUG">http://127.0.0.1:60578 "POST /session/ac03ff37ad5a3ebca3a4710dcd80cf54/element/342c4c74-f60b-4f5a-a3d3-3a7f66f91c4a/value HTTP/1.1" 200 14</msg>
<msg timestamp="20210616 13:50:11.442" level="DEBUG">Finished Request</msg>
<msg timestamp="20210616 13:50:11.442" level="TRACE">Return: None</msg>
<status status="PASS" starttime="20210616 13:50:11.387" endtime="20210616 13:50:11.442"/>
</kw>
<msg timestamp="20210616 13:50:11.442" level="TRACE">Return: None</msg>
<status status="PASS" starttime="20210616 13:50:11.387" endtime="20210616 13:50:11.442"/>
</kw>
<status status="PASS" starttime="20210616 13:50:11.386" endtime="20210616 13:50:11.443"/>
</test>
<test id="s1-s1-t23" name="Inserir BA920_12">
<kw name="E seleciono equipamento">
<arg>BA920_12</arg>
<msg timestamp="20210616 13:50:11.444" level="TRACE">Arguments: [ ${equipamento}='BA920_12' ]</msg>
<kw name="Input Text" library="SeleniumLibrary">
<arg>css=#search_query_top</arg>
<arg>${equipamento}</arg>
<doc>Types the given ``text`` into the text field identified by ``locator``.</doc>
<msg timestamp="20210616 13:50:11.445" level="TRACE">Arguments: [ 'css=#search_query_top' | 'BA920_12' ]</msg>
<msg timestamp="20210616 13:50:11.445" level="INFO">Typing text 'BA920_12' into text field 'css=#search_query_top'.</msg>
<msg timestamp="20210616 13:50:11.445" level="DEBUG">POST http://127.0.0.1:60578/session/ac03ff37ad5a3ebca3a4710dcd80cf54/elements {"using": "css selector", "value": "#search_query_top"}</msg>
<msg timestamp="20210616 13:50:11.451" level="DEBUG">http://127.0.0.1:60578 "POST /session/ac03ff37ad5a3ebca3a4710dcd80cf54/elements HTTP/1.1" 200 90</msg>
<msg timestamp="20210616 13:50:11.451" level="DEBUG">Finished Request</msg>
<msg timestamp="20210616 13:50:11.451" level="DEBUG">POST http://127.0.0.1:60578/session/ac03ff37ad5a3ebca3a4710dcd80cf54/element/342c4c74-f60b-4f5a-a3d3-3a7f66f91c4a/clear {"id": "342c4c74-f60b-4f5a-a3d3-3a7f66f91c4a"}</msg>
<msg timestamp="20210616 13:50:11.467" level="DEBUG">http://127.0.0.1:60578 "POST /session/ac03ff37ad5a3ebca3a4710dcd80cf54/element/342c4c74-f60b-4f5a-a3d3-3a7f66f91c4a/clear HTTP/1.1" 200 14</msg>
<msg timestamp="20210616 13:50:11.467" level="DEBUG">Finished Request</msg>
<msg timestamp="20210616 13:50:11.467" level="DEBUG">POST http://127.0.0.1:60578/session/ac03ff37ad5a3ebca3a4710dcd80cf54/element/342c4c74-f60b-4f5a-a3d3-3a7f66f91c4a/value {"text": "BA920_12", "value": ["B", "A", "9", "2", "0", "_", "1", "2"], "id": "342c4c74-f60b-4f5a-a3d3-3a7f66f91c4a"}</msg>
<msg timestamp="20210616 13:50:11.499" level="DEBUG">http://127.0.0.1:60578 "POST /session/ac03ff37ad5a3ebca3a4710dcd80cf54/element/342c4c74-f60b-4f5a-a3d3-3a7f66f91c4a/value HTTP/1.1" 200 14</msg>
<msg timestamp="20210616 13:50:11.499" level="DEBUG">Finished Request</msg>
<msg timestamp="20210616 13:50:11.499" level="TRACE">Return: None</msg>
<status status="PASS" starttime="20210616 13:50:11.444" endtime="20210616 13:50:11.499"/>
</kw>
<msg timestamp="20210616 13:50:11.500" level="TRACE">Return: None</msg>
<status status="PASS" starttime="20210616 13:50:11.444" endtime="20210616 13:50:11.500"/>
</kw>
<status status="PASS" starttime="20210616 13:50:11.444" endtime="20210616 13:50:11.500"/>
</test>
<test id="s1-s1-t24" name="Inserir BA920_14">
<kw name="E seleciono equipamento">
<arg>BA920_14</arg>
<msg timestamp="20210616 13:50:11.502" level="TRACE">Arguments: [ ${equipamento}='BA920_14' ]</msg>
<kw name="Input Text" library="SeleniumLibrary">
<arg>css=#search_query_top</arg>
<arg>${equipamento}</arg>
<doc>Types the given ``text`` into the text field identified by ``locator``.</doc>
<msg timestamp="20210616 13:50:11.502" level="TRACE">Arguments: [ 'css=#search_query_top' | 'BA920_14' ]</msg>
<msg timestamp="20210616 13:50:11.502" level="INFO">Typing text 'BA920_14' into text field 'css=#search_query_top'.</msg>
<msg timestamp="20210616 13:50:11.503" level="DEBUG">POST http://127.0.0.1:60578/session/ac03ff37ad5a3ebca3a4710dcd80cf54/elements {"using": "css selector", "value": "#search_query_top"}</msg>
<msg timestamp="20210616 13:50:11.510" level="DEBUG">http://127.0.0.1:60578 "POST /session/ac03ff37ad5a3ebca3a4710dcd80cf54/elements HTTP/1.1" 200 90</msg>
<msg timestamp="20210616 13:50:11.510" level="DEBUG">Finished Request</msg>
<msg timestamp="20210616 13:50:11.510" level="DEBUG">POST http://127.0.0.1:60578/session/ac03ff37ad5a3ebca3a4710dcd80cf54/element/342c4c74-f60b-4f5a-a3d3-3a7f66f91c4a/clear {"id": "342c4c74-f60b-4f5a-a3d3-3a7f66f91c4a"}</msg>
<msg timestamp="20210616 13:50:11.528" level="DEBUG">http://127.0.0.1:60578 "POST /session/ac03ff37ad5a3ebca3a4710dcd80cf54/element/342c4c74-f60b-4f5a-a3d3-3a7f66f91c4a/clear HTTP/1.1" 200 14</msg>
<msg timestamp="20210616 13:50:11.528" level="DEBUG">Finished Request</msg>
<msg timestamp="20210616 13:50:11.528" level="DEBUG">POST http://127.0.0.1:60578/session/ac03ff37ad5a3ebca3a4710dcd80cf54/element/342c4c74-f60b-4f5a-a3d3-3a7f66f91c4a/value {"text": "BA920_14", "value": ["B", "A", "9", "2", "0", "_", "1", "4"], "id": "342c4c74-f60b-4f5a-a3d3-3a7f66f91c4a"}</msg>
<msg timestamp="20210616 13:50:11.557" level="DEBUG">http://127.0.0.1:60578 "POST /session/ac03ff37ad5a3ebca3a4710dcd80cf54/element/342c4c74-f60b-4f5a-a3d3-3a7f66f91c4a/value HTTP/1.1" 200 14</msg>
<msg timestamp="20210616 13:50:11.558" level="DEBUG">Finished Request</msg>
<msg timestamp="20210616 13:50:11.558" level="TRACE">Return: None</msg>
<status status="PASS" starttime="20210616 13:50:11.502" endtime="20210616 13:50:11.558"/>
</kw>
<msg timestamp="20210616 13:50:11.558" level="TRACE">Return: None</msg>
<status status="PASS" starttime="20210616 13:50:11.502" endtime="20210616 13:50:11.558"/>
</kw>
<status status="PASS" starttime="20210616 13:50:11.501" endtime="20210616 13:50:11.558"/>
</test>
<test id="s1-s1-t25" name="Inserir CM910_01">
<kw name="E seleciono equipamento">
<arg>CM910_01</arg>
<msg timestamp="20210616 13:50:11.560" level="TRACE">Arguments: [ ${equipamento}='CM910_01' ]</msg>
<kw name="Input Text" library="SeleniumLibrary">
<arg>css=#search_query_top</arg>
<arg>${equipamento}</arg>
<doc>Types the given ``text`` into the text field identified by ``locator``.</doc>
<msg timestamp="20210616 13:50:11.561" level="TRACE">Arguments: [ 'css=#search_query_top' | 'CM910_01' ]</msg>
<msg timestamp="20210616 13:50:11.561" level="INFO">Typing text 'CM910_01' into text field 'css=#search_query_top'.</msg>
<msg timestamp="20210616 13:50:11.561" level="DEBUG">POST http://127.0.0.1:60578/session/ac03ff37ad5a3ebca3a4710dcd80cf54/elements {"using": "css selector", "value": "#search_query_top"}</msg>
<msg timestamp="20210616 13:50:11.566" level="DEBUG">http://127.0.0.1:60578 "POST /session/ac03ff37ad5a3ebca3a4710dcd80cf54/elements HTTP/1.1" 200 90</msg>
<msg timestamp="20210616 13:50:11.567" level="DEBUG">Finished Request</msg>
<msg timestamp="20210616 13:50:11.567" level="DEBUG">POST http://127.0.0.1:60578/session/ac03ff37ad5a3ebca3a4710dcd80cf54/element/342c4c74-f60b-4f5a-a3d3-3a7f66f91c4a/clear {"id": "342c4c74-f60b-4f5a-a3d3-3a7f66f91c4a"}</msg>
<msg timestamp="20210616 13:50:11.581" level="DEBUG">http://127.0.0.1:60578 "POST /session/ac03ff37ad5a3ebca3a4710dcd80cf54/element/342c4c74-f60b-4f5a-a3d3-3a7f66f91c4a/clear HTTP/1.1" 200 14</msg>
<msg timestamp="20210616 13:50:11.581" level="DEBUG">Finished Request</msg>
<msg timestamp="20210616 13:50:11.581" level="DEBUG">POST http://127.0.0.1:60578/session/ac03ff37ad5a3ebca3a4710dcd80cf54/element/342c4c74-f60b-4f5a-a3d3-3a7f66f91c4a/value {"text": "CM910_01", "value": ["C", "M", "9", "1", "0", "_", "0", "1"], "id": "342c4c74-f60b-4f5a-a3d3-3a7f66f91c4a"}</msg>
<msg timestamp="20210616 13:50:11.611" level="DEBUG">http://127.0.0.1:60578 "POST /session/ac03ff37ad5a3ebca3a4710dcd80cf54/element/342c4c74-f60b-4f5a-a3d3-3a7f66f91c4a/value HTTP/1.1" 200 14</msg>
<msg timestamp="20210616 13:50:11.611" level="DEBUG">Finished Request</msg>
<msg timestamp="20210616 13:50:11.611" level="TRACE">Return: None</msg>
<status status="PASS" starttime="20210616 13:50:11.561" endtime="20210616 13:50:11.611"/>
</kw>
<msg timestamp="20210616 13:50:11.612" level="TRACE">Return: None</msg>
<status status="PASS" starttime="20210616 13:50:11.560" endtime="20210616 13:50:11.612"/>
</kw>
<status status="PASS" starttime="20210616 13:50:11.560" endtime="20210616 13:50:11.612"/>
</test>
<test id="s1-s1-t26" name="Inserir CM910_02">
<kw name="E seleciono equipamento">
<arg>CM910_02</arg>
<msg timestamp="20210616 13:50:11.614" level="TRACE">Arguments: [ ${equipamento}='CM910_02' ]</msg>
<kw name="Input Text" library="SeleniumLibrary">
<arg>css=#search_query_top</arg>
<arg>${equipamento}</arg>
<doc>Types the given ``text`` into the text field identified by ``locator``.</doc>
<msg timestamp="20210616 13:50:11.614" level="TRACE">Arguments: [ 'css=#search_query_top' | 'CM910_02' ]</msg>
<msg timestamp="20210616 13:50:11.614" level="INFO">Typing text 'CM910_02' into text field 'css=#search_query_top'.</msg>
<msg timestamp="20210616 13:50:11.615" level="DEBUG">POST http://127.0.0.1:60578/session/ac03ff37ad5a3ebca3a4710dcd80cf54/elements {"using": "css selector", "value": "#search_query_top"}</msg>
<msg timestamp="20210616 13:50:11.620" level="DEBUG">http://127.0.0.1:60578 "POST /session/ac03ff37ad5a3ebca3a4710dcd80cf54/elements HTTP/1.1" 200 90</msg>
<msg timestamp="20210616 13:50:11.620" level="DEBUG">Finished Request</msg>
<msg timestamp="20210616 13:50:11.620" level="DEBUG">POST http://127.0.0.1:60578/session/ac03ff37ad5a3ebca3a4710dcd80cf54/element/342c4c74-f60b-4f5a-a3d3-3a7f66f91c4a/clear {"id": "342c4c74-f60b-4f5a-a3d3-3a7f66f91c4a"}</msg>
<msg timestamp="20210616 13:50:11.638" level="DEBUG">http://127.0.0.1:60578 "POST /session/ac03ff37ad5a3ebca3a4710dcd80cf54/element/342c4c74-f60b-4f5a-a3d3-3a7f66f91c4a/clear HTTP/1.1" 200 14</msg>
<msg timestamp="20210616 13:50:11.638" level="DEBUG">Finished Request</msg>
<msg timestamp="20210616 13:50:11.639" level="DEBUG">POST http://127.0.0.1:60578/session/ac03ff37ad5a3ebca3a4710dcd80cf54/element/342c4c74-f60b-4f5a-a3d3-3a7f66f91c4a/value {"text": "CM910_02", "value": ["C", "M", "9", "1", "0", "_", "0", "2"], "id": "342c4c74-f60b-4f5a-a3d3-3a7f66f91c4a"}</msg>
<msg timestamp="20210616 13:50:11.671" level="DEBUG">http://127.0.0.1:60578 "POST /session/ac03ff37ad5a3ebca3a4710dcd80cf54/element/342c4c74-f60b-4f5a-a3d3-3a7f66f91c4a/value HTTP/1.1" 200 14</msg>
<msg timestamp="20210616 13:50:11.672" level="DEBUG">Finished Request</msg>
<msg timestamp="20210616 13:50:11.672" level="TRACE">Return: None</msg>
<status status="PASS" starttime="20210616 13:50:11.614" endtime="20210616 13:50:11.672"/>
</kw>
<msg timestamp="20210616 13:50:11.672" level="TRACE">Return: None</msg>
<status status="PASS" starttime="20210616 13:50:11.614" endtime="20210616 13:50:11.672"/>
</kw>
<status status="PASS" starttime="20210616 13:50:11.613" endtime="20210616 13:50:11.673"/>
</test>
<test id="s1-s1-t27" name="Inserir CS920_01">
<kw name="E seleciono equipamento">
<arg>CS920_01</arg>
<msg timestamp="20210616 13:50:11.675" level="TRACE">Arguments: [ ${equipamento}='CS920_01' ]</msg>
<kw name="Input Text" library="SeleniumLibrary">
<arg>css=#search_query_top</arg>
<arg>${equipamento}</arg>
<doc>Types the given ``text`` into the text field identified by ``locator``.</doc>
<msg timestamp="20210616 13:50:11.676" level="TRACE">Arguments: [ 'css=#search_query_top' | 'CS920_01' ]</msg>
<msg timestamp="20210616 13:50:11.676" level="INFO">Typing text 'CS920_01' into text field 'css=#search_query_top'.</msg>
<msg timestamp="20210616 13:50:11.676" level="DEBUG">POST http://127.0.0.1:60578/session/ac03ff37ad5a3ebca3a4710dcd80cf54/elements {"using": "css selector", "value": "#search_query_top"}</msg>
<msg timestamp="20210616 13:50:11.681" level="DEBUG">http://127.0.0.1:60578 "POST /session/ac03ff37ad5a3ebca3a4710dcd80cf54/elements HTTP/1.1" 200 90</msg>
<msg timestamp="20210616 13:50:11.682" level="DEBUG">Finished Request</msg>
<msg timestamp="20210616 13:50:11.682" level="DEBUG">POST http://127.0.0.1:60578/session/ac03ff37ad5a3ebca3a4710dcd80cf54/element/342c4c74-f60b-4f5a-a3d3-3a7f66f91c4a/clear {"id": "342c4c74-f60b-4f5a-a3d3-3a7f66f91c4a"}</msg>
<msg timestamp="20210616 13:50:11.696" level="DEBUG">http://127.0.0.1:60578 "POST /session/ac03ff37ad5a3ebca3a4710dcd80cf54/element/342c4c74-f60b-4f5a-a3d3-3a7f66f91c4a/clear HTTP/1.1" 200 14</msg>
<msg timestamp="20210616 13:50:11.697" level="DEBUG">Finished Request</msg>
<msg timestamp="20210616 13:50:11.697" level="DEBUG">POST http://127.0.0.1:60578/session/ac03ff37ad5a3ebca3a4710dcd80cf54/element/342c4c74-f60b-4f5a-a3d3-3a7f66f91c4a/value {"text": "CS920_01", "value": ["C", "S", "9", "2", "0", "_", "0", "1"], "id": "342c4c74-f60b-4f5a-a3d3-3a7f66f91c4a"}</msg>
<msg timestamp="20210616 13:50:11.730" level="DEBUG">http://127.0.0.1:60578 "POST /session/ac03ff37ad5a3ebca3a4710dcd80cf54/element/342c4c74-f60b-4f5a-a3d3-3a7f66f91c4a/value HTTP/1.1" 200 14</msg>
<msg timestamp="20210616 13:50:11.730" level="DEBUG">Finished Request</msg>
<msg timestamp="20210616 13:50:11.730" level="TRACE">Return: None</msg>
<status status="PASS" starttime="20210616 13:50:11.675" endtime="20210616 13:50:11.730"/>
</kw>
<msg timestamp="20210616 13:50:11.731" level="TRACE">Return: None</msg>
<status status="PASS" starttime="20210616 13:50:11.675" endtime="20210616 13:50:11.731"/>
</kw>
<status status="PASS" starttime="20210616 13:50:11.674" endtime="20210616 13:50:11.731"/>
</test>
<test id="s1-s1-t28" name="Inserir TQ910_01">
<kw name="E seleciono equipamento">
<arg>TQ910_01</arg>
<msg timestamp="20210616 13:50:11.734" level="TRACE">Arguments: [ ${equipamento}='TQ910_01' ]</msg>
<kw name="Input Text" library="SeleniumLibrary">
<arg>css=#search_query_top</arg>
<arg>${equipamento}</arg>
<doc>Types the given ``text`` into the text field identified by ``locator``.</doc>
<msg timestamp="20210616 13:50:11.735" level="TRACE">Arguments: [ 'css=#search_query_top' | 'TQ910_01' ]</msg>
<msg timestamp="20210616 13:50:11.735" level="INFO">Typing text 'TQ910_01' into text field 'css=#search_query_top'.</msg>
<msg timestamp="20210616 13:50:11.735" level="DEBUG">POST http://127.0.0.1:60578/session/ac03ff37ad5a3ebca3a4710dcd80cf54/elements {"using": "css selector", "value": "#search_query_top"}</msg>
<msg timestamp="20210616 13:50:11.741" level="DEBUG">http://127.0.0.1:60578 "POST /session/ac03ff37ad5a3ebca3a4710dcd80cf54/elements HTTP/1.1" 200 90</msg>
<msg timestamp="20210616 13:50:11.742" level="DEBUG">Finished Request</msg>
<msg timestamp="20210616 13:50:11.742" level="DEBUG">POST http://127.0.0.1:60578/session/ac03ff37ad5a3ebca3a4710dcd80cf54/element/342c4c74-f60b-4f5a-a3d3-3a7f66f91c4a/clear {"id": "342c4c74-f60b-4f5a-a3d3-3a7f66f91c4a"}</msg>
<msg timestamp="20210616 13:50:11.758" level="DEBUG">http://127.0.0.1:60578 "POST /session/ac03ff37ad5a3ebca3a4710dcd80cf54/element/342c4c74-f60b-4f5a-a3d3-3a7f66f91c4a/clear HTTP/1.1" 200 14</msg>
<msg timestamp="20210616 13:50:11.758" level="DEBUG">Finished Request</msg>
<msg timestamp="20210616 13:50:11.759" level="DEBUG">POST http://127.0.0.1:60578/session/ac03ff37ad5a3ebca3a4710dcd80cf54/element/342c4c74-f60b-4f5a-a3d3-3a7f66f91c4a/value {"text": "TQ910_01", "value": ["T", "Q", "9", "1", "0", "_", "0", "1"], "id": "342c4c74-f60b-4f5a-a3d3-3a7f66f91c4a"}</msg>
<msg timestamp="20210616 13:50:11.792" level="DEBUG">http://127.0.0.1:60578 "POST /session/ac03ff37ad5a3ebca3a4710dcd80cf54/element/342c4c74-f60b-4f5a-a3d3-3a7f66f91c4a/value HTTP/1.1" 200 14</msg>
<msg timestamp="20210616 13:50:11.792" level="DEBUG">Finished Request</msg>
<msg timestamp="20210616 13:50:11.792" level="TRACE">Return: None</msg>
<status status="PASS" starttime="20210616 13:50:11.734" endtime="20210616 13:50:11.793"/>
</kw>
<msg timestamp="20210616 13:50:11.793" level="TRACE">Return: None</msg>
<status status="PASS" starttime="20210616 13:50:11.733" endtime="20210616 13:50:11.793"/>
</kw>
<status status="PASS" starttime="20210616 13:50:11.733" endtime="20210616 13:50:11.793"/>
</test>
<test id="s1-s1-t29" name="Inserir TQ910_02">
<kw name="E seleciono equipamento">
<arg>TQ910_02</arg>
<msg timestamp="20210616 13:50:11.796" level="TRACE">Arguments: [ ${equipamento}='TQ910_02' ]</msg>
<kw name="Input Text" library="SeleniumLibrary">
<arg>css=#search_query_top</arg>
<arg>${equipamento}</arg>
<doc>Types the given ``text`` into the text field identified by ``locator``.</doc>
<msg timestamp="20210616 13:50:11.796" level="TRACE">Arguments: [ 'css=#search_query_top' | 'TQ910_02' ]</msg>
<msg timestamp="20210616 13:50:11.796" level="INFO">Typing text 'TQ910_02' into text field 'css=#search_query_top'.</msg>
<msg timestamp="20210616 13:50:11.796" level="DEBUG">POST http://127.0.0.1:60578/session/ac03ff37ad5a3ebca3a4710dcd80cf54/elements {"using": "css selector", "value": "#search_query_top"}</msg>
<msg timestamp="20210616 13:50:11.801" level="DEBUG">http://127.0.0.1:60578 "POST /session/ac03ff37ad5a3ebca3a4710dcd80cf54/elements HTTP/1.1" 200 90</msg>
<msg timestamp="20210616 13:50:11.802" level="DEBUG">Finished Request</msg>
<msg timestamp="20210616 13:50:11.802" level="DEBUG">POST http://127.0.0.1:60578/session/ac03ff37ad5a3ebca3a4710dcd80cf54/element/342c4c74-f60b-4f5a-a3d3-3a7f66f91c4a/clear {"id": "342c4c74-f60b-4f5a-a3d3-3a7f66f91c4a"}</msg>
<msg timestamp="20210616 13:50:11.817" level="DEBUG">http://127.0.0.1:60578 "POST /session/ac03ff37ad5a3ebca3a4710dcd80cf54/element/342c4c74-f60b-4f5a-a3d3-3a7f66f91c4a/clear HTTP/1.1" 200 14</msg>
<msg timestamp="20210616 13:50:11.818" level="DEBUG">Finished Request</msg>
<msg timestamp="20210616 13:50:11.818" level="DEBUG">POST http://127.0.0.1:60578/session/ac03ff37ad5a3ebca3a4710dcd80cf54/element/342c4c74-f60b-4f5a-a3d3-3a7f66f91c4a/value {"text": "TQ910_02", "value": ["T", "Q", "9", "1", "0", "_", "0", "2"], "id": "342c4c74-f60b-4f5a-a3d3-3a7f66f91c4a"}</msg>
<msg timestamp="20210616 13:50:11.852" level="DEBUG">http://127.0.0.1:60578 "POST /session/ac03ff37ad5a3ebca3a4710dcd80cf54/element/342c4c74-f60b-4f5a-a3d3-3a7f66f91c4a/value HTTP/1.1" 200 14</msg>
<msg timestamp="20210616 13:50:11.853" level="DEBUG">Finished Request</msg>
<msg timestamp="20210616 13:50:11.853" level="TRACE">Return: None</msg>
<status status="PASS" starttime="20210616 13:50:11.796" endtime="20210616 13:50:11.853"/>
</kw>
<msg timestamp="20210616 13:50:11.853" level="TRACE">Return: None</msg>
<status status="PASS" starttime="20210616 13:50:11.795" endtime="20210616 13:50:11.853"/>
</kw>
<status status="PASS" starttime="20210616 13:50:11.795" endtime="20210616 13:50:11.854"/>
</test>
<test id="s1-s1-t30" name="Inserir CD910_01">
<kw name="E seleciono equipamento">
<arg>CD910_01</arg>
<msg timestamp="20210616 13:50:11.857" level="TRACE">Arguments: [ ${equipamento}='CD910_01' ]</msg>
<kw name="Input Text" library="SeleniumLibrary">
<arg>css=#search_query_top</arg>
<arg>${equipamento}</arg>
<doc>Types the given ``text`` into the text field identified by ``locator``.</doc>
<msg timestamp="20210616 13:50:11.857" level="TRACE">Arguments: [ 'css=#search_query_top' | 'CD910_01' ]</msg>
<msg timestamp="20210616 13:50:11.858" level="INFO">Typing text 'CD910_01' into text field 'css=#search_query_top'.</msg>
<msg timestamp="20210616 13:50:11.858" level="DEBUG">POST http://127.0.0.1:60578/session/ac03ff37ad5a3ebca3a4710dcd80cf54/elements {"using": "css selector", "value": "#search_query_top"}</msg>
<msg timestamp="20210616 13:50:11.867" level="DEBUG">http://127.0.0.1:60578 "POST /session/ac03ff37ad5a3ebca3a4710dcd80cf54/elements HTTP/1.1" 200 90</msg>
<msg timestamp="20210616 13:50:11.867" level="DEBUG">Finished Request</msg>
<msg timestamp="20210616 13:50:11.867" level="DEBUG">POST http://127.0.0.1:60578/session/ac03ff37ad5a3ebca3a4710dcd80cf54/element/342c4c74-f60b-4f5a-a3d3-3a7f66f91c4a/clear {"id": "342c4c74-f60b-4f5a-a3d3-3a7f66f91c4a"}</msg>
<msg timestamp="20210616 13:50:11.885" level="DEBUG">http://127.0.0.1:60578 "POST /session/ac03ff37ad5a3ebca3a4710dcd80cf54/element/342c4c74-f60b-4f5a-a3d3-3a7f66f91c4a/clear HTTP/1.1" 200 14</msg>
<msg timestamp="20210616 13:50:11.885" level="DEBUG">Finished Request</msg>
<msg timestamp="20210616 13:50:11.885" level="DEBUG">POST http://127.0.0.1:60578/session/ac03ff37ad5a3ebca3a4710dcd80cf54/element/342c4c74-f60b-4f5a-a3d3-3a7f66f91c4a/value {"text": "CD910_01", "value": ["C", "D", "9", "1", "0", "_", "0", "1"], "id": "342c4c74-f60b-4f5a-a3d3-3a7f66f91c4a"}</msg>
<msg timestamp="20210616 13:50:11.915" level="DEBUG">http://127.0.0.1:60578 "POST /session/ac03ff37ad5a3ebca3a4710dcd80cf54/element/342c4c74-f60b-4f5a-a3d3-3a7f66f91c4a/value HTTP/1.1" 200 14</msg>
<msg timestamp="20210616 13:50:11.916" level="DEBUG">Finished Request</msg>
<msg timestamp="20210616 13:50:11.916" level="TRACE">Return: None</msg>
<status status="PASS" starttime="20210616 13:50:11.857" endtime="20210616 13:50:11.916"/>
</kw>
<msg timestamp="20210616 13:50:11.916" level="TRACE">Return: None</msg>
<status status="PASS" starttime="20210616 13:50:11.856" endtime="20210616 13:50:11.916"/>
</kw>
<status status="PASS" starttime="20210616 13:50:11.855" endtime="20210616 13:50:11.917"/>
</test>
<test id="s1-s1-t31" name="Inserir CD910_02">
<kw name="E seleciono equipamento">
[...]
</kw>
<msg timestamp="20210616 13:50:16.865" level="TRACE">Return: None</msg>
<status status="PASS" starttime="20210616 13:50:16.815" endtime="20210616 13:50:16.865"/>
</kw>
<status status="PASS" starttime="20210616 13:50:16.815" endtime="20210616 13:50:16.866"/>
</test>
<test id="s1-s1-t111" name="Inserir BO920_05">
<kw name="E seleciono equipamento">
<arg>BO920_05</arg>
<msg timestamp="20210616 13:50:16.867" level="TRACE">Arguments: [ ${equipamento}='BO920_05' ]</msg>
<kw name="Input Text" library="SeleniumLibrary">
<arg>css=#search_query_top</arg>
<arg>${equipamento}</arg>
<doc>Types the given ``text`` into the text field identified by ``locator``.</doc>
<msg timestamp="20210616 13:50:16.868" level="TRACE">Arguments: [ 'css=#search_query_top' | 'BO920_05' ]</msg>
<msg timestamp="20210616 13:50:16.868" level="INFO">Typing text 'BO920_05' into text field 'css=#search_query_top'.</msg>
<msg timestamp="20210616 13:50:16.868" level="DEBUG">POST http://127.0.0.1:60578/session/ac03ff37ad5a3ebca3a4710dcd80cf54/elements {"using": "css selector", "value": "#search_query_top"}</msg>
<msg timestamp="20210616 13:50:16.876" level="DEBUG">http://127.0.0.1:60578 "POST /session/ac03ff37ad5a3ebca3a4710dcd80cf54/elements HTTP/1.1" 200 90</msg>
<msg timestamp="20210616 13:50:16.876" level="DEBUG">Finished Request</msg>
<msg timestamp="20210616 13:50:16.876" level="DEBUG">POST http://127.0.0.1:60578/session/ac03ff37ad5a3ebca3a4710dcd80cf54/element/342c4c74-f60b-4f5a-a3d3-3a7f66f91c4a/clear {"id": "342c4c74-f60b-4f5a-a3d3-3a7f66f91c4a"}</msg>
<msg timestamp="20210616 13:50:16.890" level="DEBUG">http://127.0.0.1:60578 "POST /session/ac03ff37ad5a3ebca3a4710dcd80cf54/element/342c4c74-f60b-4f5a-a3d3-3a7f66f91c4a/clear HTTP/1.1" 200 14</msg>
<msg timestamp="20210616 13:50:16.891" level="DEBUG">Finished Request</msg>
<msg timestamp="20210616 13:50:16.891" level="DEBUG">POST http://127.0.0.1:60578/session/ac03ff37ad5a3ebca3a4710dcd80cf54/element/342c4c74-f60b-4f5a-a3d3-3a7f66f91c4a/value {"text": "BO920_05", "value": ["B", "O", "9", "2", "0", "_", "0", "5"], "id": "342c4c74-f60b-4f5a-a3d3-3a7f66f91c4a"}</msg>
<msg timestamp="20210616 13:50:16.916" level="DEBUG">http://127.0.0.1:60578 "POST /session/ac03ff37ad5a3ebca3a4710dcd80cf54/element/342c4c74-f60b-4f5a-a3d3-3a7f66f91c4a/value HTTP/1.1" 200 14</msg>
<msg timestamp="20210616 13:50:16.916" level="DEBUG">Finished Request</msg>
<msg timestamp="20210616 13:50:16.916" level="TRACE">Return: None</msg>
<status status="PASS" starttime="20210616 13:50:16.868" endtime="20210616 13:50:16.916"/>
</kw>
<msg timestamp="20210616 13:50:16.916" level="TRACE">Return: None</msg>
<status status="PASS" starttime="20210616 13:50:16.867" endtime="20210616 13:50:16.917"/>
</kw>
<status status="PASS" starttime="20210616 13:50:16.867" endtime="20210616 13:50:16.917"/>
</test>
<test id="s1-s1-t112" name="Inserir BO920_06">
<kw name="E seleciono equipamento">
<arg>BO920_06</arg>
<msg timestamp="20210616 13:50:16.919" level="TRACE">Arguments: [ ${equipamento}='BO920_06' ]</msg>
<kw name="Input Text" library="SeleniumLibrary">
<arg>css=#search_query_top</arg>
<arg>${equipamento}</arg>
<doc>Types the given ``text`` into the text field identified by ``locator``.</doc>
<msg timestamp="20210616 13:50:16.919" level="TRACE">Arguments: [ 'css=#search_query_top' | 'BO920_06' ]</msg>
<msg timestamp="20210616 13:50:16.919" level="INFO">Typing text 'BO920_06' into text field 'css=#search_query_top'.</msg>
<msg timestamp="20210616 13:50:16.919" level="DEBUG">POST http://127.0.0.1:60578/session/ac03ff37ad5a3ebca3a4710dcd80cf54/elements {"using": "css selector", "value": "#search_query_top"}</msg>
<msg timestamp="20210616 13:50:16.927" level="DEBUG">http://127.0.0.1:60578 "POST /session/ac03ff37ad5a3ebca3a4710dcd80cf54/elements HTTP/1.1" 200 90</msg>
<msg timestamp="20210616 13:50:16.927" level="DEBUG">Finished Request</msg>
<msg timestamp="20210616 13:50:16.927" level="DEBUG">POST http://127.0.0.1:60578/session/ac03ff37ad5a3ebca3a4710dcd80cf54/element/342c4c74-f60b-4f5a-a3d3-3a7f66f91c4a/clear {"id": "342c4c74-f60b-4f5a-a3d3-3a7f66f91c4a"}</msg>
<msg timestamp="20210616 13:50:16.945" level="DEBUG">http://127.0.0.1:60578 "POST /session/ac03ff37ad5a3ebca3a4710dcd80cf54/element/342c4c74-f60b-4f5a-a3d3-3a7f66f91c4a/clear HTTP/1.1" 200 14</msg>
<msg timestamp="20210616 13:50:16.945" level="DEBUG">Finished Request</msg>
<msg timestamp="20210616 13:50:16.945" level="DEBUG">POST http://127.0.0.1:60578/session/ac03ff37ad5a3ebca3a4710dcd80cf54/element/342c4c74-f60b-4f5a-a3d3-3a7f66f91c4a/value {"text": "BO920_06", "value": ["B", "O", "9", "2", "0", "_", "0", "6"], "id": "342c4c74-f60b-4f5a-a3d3-3a7f66f91c4a"}</msg>
<msg timestamp="20210616 13:50:16.970" level="DEBUG">http://127.0.0.1:60578 "POST /session/ac03ff37ad5a3ebca3a4710dcd80cf54/element/342c4c74-f60b-4f5a-a3d3-3a7f66f91c4a/value HTTP/1.1" 200 14</msg>
<msg timestamp="20210616 13:50:16.971" level="DEBUG">Finished Request</msg>
<msg timestamp="20210616 13:50:16.971" level="TRACE">Return: None</msg>
<status status="PASS" starttime="20210616 13:50:16.919" endtime="20210616 13:50:16.971"/>
</kw>
<msg timestamp="20210616 13:50:16.971" level="TRACE">Return: None</msg>
<status status="PASS" starttime="20210616 13:50:16.919" endtime="20210616 13:50:16.971"/>
</kw>
<status status="PASS" starttime="20210616 13:50:16.918" endtime="20210616 13:50:16.971"/>
</test>
<test id="s1-s1-t113" name="Inserir BO920_07">
<kw name="E seleciono equipamento">
<arg>BO920_07</arg>
<msg timestamp="20210616 13:50:16.973" level="TRACE">Arguments: [ ${equipamento}='BO920_07' ]</msg>
<kw name="Input Text" library="SeleniumLibrary">
<arg>css=#search_query_top</arg>
<arg>${equipamento}</arg>
<doc>Types the given ``text`` into the text field identified by ``locator``.</doc>
<msg timestamp="20210616 13:50:16.974" level="TRACE">Arguments: [ 'css=#search_query_top' | 'BO920_07' ]</msg>
<msg timestamp="20210616 13:50:16.974" level="INFO">Typing text 'BO920_07' into text field 'css=#search_query_top'.</msg>
<msg timestamp="20210616 13:50:16.974" level="DEBUG">POST http://127.0.0.1:60578/session/ac03ff37ad5a3ebca3a4710dcd80cf54/elements {"using": "css selector", "value": "#search_query_top"}</msg>
<msg timestamp="20210616 13:50:16.980" level="DEBUG">http://127.0.0.1:60578 "POST /session/ac03ff37ad5a3ebca3a4710dcd80cf54/elements HTTP/1.1" 200 90</msg>
<msg timestamp="20210616 13:50:16.980" level="DEBUG">Finished Request</msg>
<msg timestamp="20210616 13:50:16.980" level="DEBUG">POST http://127.0.0.1:60578/session/ac03ff37ad5a3ebca3a4710dcd80cf54/element/342c4c74-f60b-4f5a-a3d3-3a7f66f91c4a/clear {"id": "342c4c74-f60b-4f5a-a3d3-3a7f66f91c4a"}</msg>
<msg timestamp="20210616 13:50:16.995" level="DEBUG">http://127.0.0.1:60578 "POST /session/ac03ff37ad5a3ebca3a4710dcd80cf54/element/342c4c74-f60b-4f5a-a3d3-3a7f66f91c4a/clear HTTP/1.1" 200 14</msg>
<msg timestamp="20210616 13:50:16.995" level="DEBUG">Finished Request</msg>
<msg timestamp="20210616 13:50:16.996" level="DEBUG">POST http://127.0.0.1:60578/session/ac03ff37ad5a3ebca3a4710dcd80cf54/element/342c4c74-f60b-4f5a-a3d3-3a7f66f91c4a/value {"text": "BO920_07", "value": ["B", "O", "9", "2", "0", "_", "0", "7"], "id": "342c4c74-f60b-4f5a-a3d3-3a7f66f91c4a"}</msg>
<msg timestamp="20210616 13:50:17.022" level="DEBUG">http://127.0.0.1:60578 "POST /session/ac03ff37ad5a3ebca3a4710dcd80cf54/element/342c4c74-f60b-4f5a-a3d3-3a7f66f91c4a/value HTTP/1.1" 200 14</msg>
<msg timestamp="20210616 13:50:17.023" level="DEBUG">Finished Request</msg>
<msg timestamp="20210616 13:50:17.023" level="TRACE">Return: None</msg>
<status status="PASS" starttime="20210616 13:50:16.974" endtime="20210616 13:50:17.023"/>
</kw>
<msg timestamp="20210616 13:50:17.023" level="TRACE">Return: None</msg>
<status status="PASS" starttime="20210616 13:50:16.973" endtime="20210616 13:50:17.023"/>
</kw>
<status status="PASS" starttime="20210616 13:50:16.972" endtime="20210616 13:50:17.024"/>
</test>
<test id="s1-s1-t114" name="Inserir BO920_09">
<kw name="E seleciono equipamento">
<arg>BO920_09</arg>
<msg timestamp="20210616 13:50:17.027" level="TRACE">Arguments: [ ${equipamento}='BO920_09' ]</msg>
<kw name="Input Text" library="SeleniumLibrary">
<arg>css=#search_query_top</arg>
<arg>${equipamento}</arg>
<doc>Types the given ``text`` into the text field identified by ``locator``.</doc>
<msg timestamp="20210616 13:50:17.028" level="TRACE">Arguments: [ 'css=#search_query_top' | 'BO920_09' ]</msg>
<msg timestamp="20210616 13:50:17.028" level="INFO">Typing text 'BO920_09' into text field 'css=#search_query_top'.</msg>
<msg timestamp="20210616 13:50:17.028" level="DEBUG">POST http://127.0.0.1:60578/session/ac03ff37ad5a3ebca3a4710dcd80cf54/elements {"using": "css selector", "value": "#search_query_top"}</msg>
<msg timestamp="20210616 13:50:17.035" level="DEBUG">http://127.0.0.1:60578 "POST /session/ac03ff37ad5a3ebca3a4710dcd80cf54/elements HTTP/1.1" 200 90</msg>
<msg timestamp="20210616 13:50:17.035" level="DEBUG">Finished Request</msg>
<msg timestamp="20210616 13:50:17.035" level="DEBUG">POST http://127.0.0.1:60578/session/ac03ff37ad5a3ebca3a4710dcd80cf54/element/342c4c74-f60b-4f5a-a3d3-3a7f66f91c4a/clear {"id": "342c4c74-f60b-4f5a-a3d3-3a7f66f91c4a"}</msg>
<msg timestamp="20210616 13:50:17.050" level="DEBUG">http://127.0.0.1:60578 "POST /session/ac03ff37ad5a3ebca3a4710dcd80cf54/element/342c4c74-f60b-4f5a-a3d3-3a7f66f91c4a/clear HTTP/1.1" 200 14</msg>
<msg timestamp="20210616 13:50:17.051" level="DEBUG">Finished Request</msg>
<msg timestamp="20210616 13:50:17.051" level="DEBUG">POST http://127.0.0.1:60578/session/ac03ff37ad5a3ebca3a4710dcd80cf54/element/342c4c74-f60b-4f5a-a3d3-3a7f66f91c4a/value {"text": "BO920_09", "value": ["B", "O", "9", "2", "0", "_", "0", "9"], "id": "342c4c74-f60b-4f5a-a3d3-3a7f66f91c4a"}</msg>
<msg timestamp="20210616 13:50:17.078" level="DEBUG">http://127.0.0.1:60578 "POST /session/ac03ff37ad5a3ebca3a4710dcd80cf54/element/342c4c74-f60b-4f5a-a3d3-3a7f66f91c4a/value HTTP/1.1" 200 14</msg>
<msg timestamp="20210616 13:50:17.078" level="DEBUG">Finished Request</msg>
<msg timestamp="20210616 13:50:17.078" level="TRACE">Return: None</msg>
<status status="PASS" starttime="20210616 13:50:17.027" endtime="20210616 13:50:17.078"/>
</kw>
<msg timestamp="20210616 13:50:17.078" level="TRACE">Return: None</msg>
<status status="PASS" starttime="20210616 13:50:17.026" endtime="20210616 13:50:17.078"/>
</kw>
<status status="PASS" starttime="20210616 13:50:17.025" endtime="20210616 13:50:17.079"/>
</test>
<test id="s1-s1-t115" name="Inserir EQ813_01">
<kw name="E seleciono equipamento">
<arg>EQ813_01</arg>
<msg timestamp="20210616 13:50:17.081" level="TRACE">Arguments: [ ${equipamento}='EQ813_01' ]</msg>
<kw name="Input Text" library="SeleniumLibrary">
<arg>css=#search_query_top</arg>
<arg>${equipamento}</arg>
<doc>Types the given ``text`` into the text field identified by ``locator``.</doc>
<msg timestamp="20210616 13:50:17.081" level="TRACE">Arguments: [ 'css=#search_query_top' | 'EQ813_01' ]</msg>
<msg timestamp="20210616 13:50:17.081" level="INFO">Typing text 'EQ813_01' into text field 'css=#search_query_top'.</msg>
<msg timestamp="20210616 13:50:17.081" level="DEBUG">POST http://127.0.0.1:60578/session/ac03ff37ad5a3ebca3a4710dcd80cf54/elements {"using": "css selector", "value": "#search_query_top"}</msg>
<msg timestamp="20210616 13:50:17.087" level="DEBUG">http://127.0.0.1:60578 "POST /session/ac03ff37ad5a3ebca3a4710dcd80cf54/elements HTTP/1.1" 200 90</msg>
<msg timestamp="20210616 13:50:17.087" level="DEBUG">Finished Request</msg>
<msg timestamp="20210616 13:50:17.087" level="DEBUG">POST http://127.0.0.1:60578/session/ac03ff37ad5a3ebca3a4710dcd80cf54/element/342c4c74-f60b-4f5a-a3d3-3a7f66f91c4a/clear {"id": "342c4c74-f60b-4f5a-a3d3-3a7f66f91c4a"}</msg>
<msg timestamp="20210616 13:50:17.102" level="DEBUG">http://127.0.0.1:60578 "POST /session/ac03ff37ad5a3ebca3a4710dcd80cf54/element/342c4c74-f60b-4f5a-a3d3-3a7f66f91c4a/clear HTTP/1.1" 200 14</msg>
<msg timestamp="20210616 13:50:17.102" level="DEBUG">Finished Request</msg>
<msg timestamp="20210616 13:50:17.102" level="DEBUG">POST http://127.0.0.1:60578/session/ac03ff37ad5a3ebca3a4710dcd80cf54/element/342c4c74-f60b-4f5a-a3d3-3a7f66f91c4a/value {"text": "EQ813_01", "value": ["E", "Q", "8", "1", "3", "_", "0", "1"], "id": "342c4c74-f60b-4f5a-a3d3-3a7f66f91c4a"}</msg>
<msg timestamp="20210616 13:50:17.129" level="DEBUG">http://127.0.0.1:60578 "POST /session/ac03ff37ad5a3ebca3a4710dcd80cf54/element/342c4c74-f60b-4f5a-a3d3-3a7f66f91c4a/value HTTP/1.1" 200 14</msg>
<msg timestamp="20210616 13:50:17.130" level="DEBUG">Finished Request</msg>
<msg timestamp="20210616 13:50:17.130" level="TRACE">Return: None</msg>
<status status="PASS" starttime="20210616 13:50:17.081" endtime="20210616 13:50:17.130"/>
</kw>
<msg timestamp="20210616 13:50:17.130" level="TRACE">Return: None</msg>
<status status="PASS" starttime="20210616 13:50:17.080" endtime="20210616 13:50:17.130"/>
</kw>
<status status="PASS" starttime="20210616 13:50:17.080" endtime="20210616 13:50:17.131"/>
</test>
<test id="s1-s1-t116" name="Inserir EQ813_02">
<kw name="E seleciono equipamento">
<arg>EQ813_02</arg>
<msg timestamp="20210616 13:50:17.133" level="TRACE">Arguments: [ ${equipamento}='EQ813_02' ]</msg>
<kw name="Input Text" library="SeleniumLibrary">
<arg>css=#search_query_top</arg>
<arg>${equipamento}</arg>
<doc>Types the given ``text`` into the text field identified by ``locator``.</doc>
<msg timestamp="20210616 13:50:17.133" level="TRACE">Arguments: [ 'css=#search_query_top' | 'EQ813_02' ]</msg>
<msg timestamp="20210616 13:50:17.133" level="INFO">Typing text 'EQ813_02' into text field 'css=#search_query_top'.</msg>
<msg timestamp="20210616 13:50:17.133" level="DEBUG">POST http://127.0.0.1:60578/session/ac03ff37ad5a3ebca3a4710dcd80cf54/elements {"using": "css selector", "value": "#search_query_top"}</msg>
<msg timestamp="20210616 13:50:17.140" level="DEBUG">http://127.0.0.1:60578 "POST /session/ac03ff37ad5a3ebca3a4710dcd80cf54/elements HTTP/1.1" 200 90</msg>
<msg timestamp="20210616 13:50:17.140" level="DEBUG">Finished Request</msg>
<msg timestamp="20210616 13:50:17.141" level="DEBUG">POST http://127.0.0.1:60578/session/ac03ff37ad5a3ebca3a4710dcd80cf54/element/342c4c74-f60b-4f5a-a3d3-3a7f66f91c4a/clear {"id": "342c4c74-f60b-4f5a-a3d3-3a7f66f91c4a"}</msg>
<msg timestamp="20210616 13:50:17.159" level="DEBUG">http://127.0.0.1:60578 "POST /session/ac03ff37ad5a3ebca3a4710dcd80cf54/element/342c4c74-f60b-4f5a-a3d3-3a7f66f91c4a/clear HTTP/1.1" 200 14</msg>
<msg timestamp="20210616 13:50:17.159" level="DEBUG">Finished Request</msg>
<msg timestamp="20210616 13:50:17.159" level="DEBUG">POST http://127.0.0.1:60578/session/ac03ff37ad5a3ebca3a4710dcd80cf54/element/342c4c74-f60b-4f5a-a3d3-3a7f66f91c4a/value {"text": "EQ813_02", "value": ["E", "Q", "8", "1", "3", "_", "0", "2"], "id": "342c4c74-f60b-4f5a-a3d3-3a7f66f91c4a"}</msg>
<msg timestamp="20210616 13:50:17.186" level="DEBUG">http://127.0.0.1:60578 "POST /session/ac03ff37ad5a3ebca3a4710dcd80cf54/element/342c4c74-f60b-4f5a-a3d3-3a7f66f91c4a/value HTTP/1.1" 200 14</msg>
<msg timestamp="20210616 13:50:17.186" level="DEBUG">Finished Request</msg>
<msg timestamp="20210616 13:50:17.186" level="TRACE">Return: None</msg>
<status status="PASS" starttime="20210616 13:50:17.133" endtime="20210616 13:50:17.186"/>
</kw>
<msg timestamp="20210616 13:50:17.186" level="TRACE">Return: None</msg>
<status status="PASS" starttime="20210616 13:50:17.132" endtime="20210616 13:50:17.186"/>
</kw>
<status status="PASS" starttime="20210616 13:50:17.132" endtime="20210616 13:50:17.187"/>
</test>
<test id="s1-s1-t117" name="Inserir Forno Panela Virtual">
<kw name="E seleciono equipamento">
<arg>Forno Panela Virtual</arg>
<msg timestamp="20210616 13:50:17.188" level="TRACE">Arguments: [ ${equipamento}='Forno Panela Virtual' ]</msg>
<kw name="Input Text" library="SeleniumLibrary">
<arg>css=#search_query_top</arg>
<arg>${equipamento}</arg>
<doc>Types the given ``text`` into the text field identified by ``locator``.</doc>
<msg timestamp="20210616 13:50:17.189" level="TRACE">Arguments: [ 'css=#search_query_top' | 'Forno Panela Virtual' ]</msg>
<msg timestamp="20210616 13:50:17.189" level="INFO">Typing text 'Forno Panela Virtual' into text field 'css=#search_query_top'.</msg>
<msg timestamp="20210616 13:50:17.189" level="DEBUG">POST http://127.0.0.1:60578/session/ac03ff37ad5a3ebca3a4710dcd80cf54/elements {"using": "css selector", "value": "#search_query_top"}</msg>
<msg timestamp="20210616 13:50:17.196" level="DEBUG">http://127.0.0.1:60578 "POST /session/ac03ff37ad5a3ebca3a4710dcd80cf54/elements HTTP/1.1" 200 90</msg>
<msg timestamp="20210616 13:50:17.197" level="DEBUG">Finished Request</msg>
<msg timestamp="20210616 13:50:17.197" level="DEBUG">POST http://127.0.0.1:60578/session/ac03ff37ad5a3ebca3a4710dcd80cf54/element/342c4c74-f60b-4f5a-a3d3-3a7f66f91c4a/clear {"id": "342c4c74-f60b-4f5a-a3d3-3a7f66f91c4a"}</msg>
<msg timestamp="20210616 13:50:17.212" level="DEBUG">http://127.0.0.1:60578 "POST /session/ac03ff37ad5a3ebca3a4710dcd80cf54/element/342c4c74-f60b-4f5a-a3d3-3a7f66f91c4a/clear HTTP/1.1" 200 14</msg>
<msg timestamp="20210616 13:50:17.212" level="DEBUG">Finished Request</msg>
<msg timestamp="20210616 13:50:17.213" level="DEBUG">POST http://127.0.0.1:60578/session/ac03ff37ad5a3ebca3a4710dcd80cf54/element/342c4c74-f60b-4f5a-a3d3-3a7f66f91c4a/value {"text": "Forno Panela Virtual", "value": ["F", "o", "r", "n", "o", " ", "P", "a", "n", "e", "l", "a", " ", "V", "i", "r", "t", "u", "a", "l"], "id": "342c4c74-f60b-4f5a-a3d3-3a7f66f91c4a"}</msg>
<msg timestamp="20210616 13:50:17.251" level="DEBUG">http://127.0.0.1:60578 "POST /session/ac03ff37ad5a3ebca3a4710dcd80cf54/element/342c4c74-f60b-4f5a-a3d3-3a7f66f91c4a/value HTTP/1.1" 200 14</msg>
<msg timestamp="20210616 13:50:17.251" level="DEBUG">Finished Request</msg>
<msg timestamp="20210616 13:50:17.251" level="TRACE">Return: None</msg>
<status status="PASS" starttime="20210616 13:50:17.188" endtime="20210616 13:50:17.251"/>
</kw>
<msg timestamp="20210616 13:50:17.251" level="TRACE">Return: None</msg>
<status status="PASS" starttime="20210616 13:50:17.188" endtime="20210616 13:50:17.251"/>
</kw>
<status status="PASS" starttime="20210616 13:50:17.187" endtime="20210616 13:50:17.252"/>
</test>
<kw name="Fechar navegador" library="Resources" type="TEARDOWN">
<msg timestamp="20210616 13:50:17.254" level="TRACE">Arguments: [  ]</msg>
<kw name="Close Browser" library="SeleniumLibrary">
<doc>Closes the current browser.</doc>
<msg timestamp="20210616 13:50:17.254" level="TRACE">Arguments: [  ]</msg>
<msg timestamp="20210616 13:50:17.254" level="DEBUG">Closing browser with session id ac03ff37ad5a3ebca3a4710dcd80cf54.</msg>
<msg timestamp="20210616 13:50:17.255" level="DEBUG">DELETE http://127.0.0.1:60578/session/ac03ff37ad5a3ebca3a4710dcd80cf54 {}</msg>
<msg timestamp="20210616 13:50:17.305" level="DEBUG">http://127.0.0.1:60578 "DELETE /session/ac03ff37ad5a3ebca3a4710dcd80cf54 HTTP/1.1" 200 14</msg>
<msg timestamp="20210616 13:50:17.305" level="DEBUG">Finished Request</msg>
<msg timestamp="20210616 13:50:19.384" level="TRACE">Return: None</msg>
<status status="PASS" starttime="20210616 13:50:17.254" endtime="20210616 13:50:19.384"/>
</kw>
<msg timestamp="20210616 13:50:19.384" level="TRACE">Return: None</msg>
<status status="PASS" starttime="20210616 13:50:17.254" endtime="20210616 13:50:19.384"/>
</kw>
<status status="PASS" starttime="20210616 13:49:58.458" endtime="20210616 13:50:19.384"/>
</suite>
<status status="PASS" starttime="20210616 13:49:58.433" endtime="20210616 13:50:19.391"/>
</suite>
<statistics>
<total>
<stat pass="117" fail="0" skip="0">All Tests</stat>
</total>
<tag>
</tag>
<suite>
<stat pass="117" fail="0" skip="0" id="s1" name="Testes">Testes</stat>
<stat pass="117" fail="0" skip="0" id="s1-s1" name="PraticaTesteBDD">Testes.PraticaTesteBDD</stat>
</suite>
</statistics>
<errors>
</errors>
</robot>
